[26362:17387654:0507/181827.487352:INFO:chrome_browser_cloud_management_controller.cc(202)] No machine level policy manager exists.
[26362:17387654:0507/181829.015695:INFO:CONSOLE(0)] "Failed to load the script unexpectedly", source: chrome-extension://phodlngepckggdblipffhdhkinobaiif/service-worker-loader.js (0)
[26362:17387654:0507/181829.022497:INFO:CONSOLE(15)] "Service Worker Loaded", source: chrome-extension://phodlngepckggdblipffhdhkinobaiif/assets/service-worker.ts-Ced1skHI.js (15)
[26362:17387654:0507/181834.359540:INFO:CONSOLE(376)] "%c%s color: red; background: yellow; font-size: 24px; WARNING!", source: https://www.gstatic.com/_/mss/boq-identity/_/js/k=boq-identity.AccountSettingsUi.en.07DG8gQy580.2019.O/am=AwFgMA3Bt0SRKbz9smcWYGDM889qYZMAIEAAEgAAAQII/d=1/excm=_b,_tp,googleaccounthomeview/ed=1/dg=0/wt=2/ujg=1/rs=AOaEmlGpRj14fXq1NOVhCusxAXVVje4big/m=_b,_tp (376)
[26362:17387654:0507/181834.359829:INFO:CONSOLE(376)] "%c%s font-size: 18px; Using this console may allow attackers to impersonate you and steal your information using an attack called Self-XSS.
Do not enter or paste code that you do not understand.", source: https://www.gstatic.com/_/mss/boq-identity/_/js/k=boq-identity.AccountSettingsUi.en.07DG8gQy580.2019.O/am=AwFgMA3Bt0SRKbz9smcWYGDM889qYZMAIEAAEgAAAQII/d=1/excm=_b,_tp,googleaccounthomeview/ed=1/dg=0/wt=2/ujg=1/rs=AOaEmlGpRj14fXq1NOVhCusxAXVVje4big/m=_b,_tp (376)
[26362:17387654:0507/181836.731929:INFO:CONSOLE(266)] "Unknown RPC service: _noop_echo", source: https://apis.google.com/_/scs/abc-static/_/js/k=gapi.gapi.en.F939Du45chc.O/m=gapi_iframes,googleapis_client/rt=j/sv=1/d=1/ed=1/rs=AHpOoo8uI5v7Xlp-b-Z4Th_hAAVtm2lZOw/cb=gapi.loaded_0 (266)
[26362:17387827:0507/181840.011841:ERROR:registration_request.cc(291)] Registration response error message: DEPRECATED_ENDPOINT
[26362:17387654:0507/181843.398089:INFO:CONSOLE(1)] "Content script loaded.", source: chrome-extension://phodlngepckggdblipffhdhkinobaiif/assets/content-scrpt.ts-CfaQ0Rp6.js (1)
[26362:17387654:0507/181843.666411:INFO:CONSOLE(9593)] "LegacyDataMixin will be applied to all legacy elements.
Set `_legacyUndefinedCheck: true` on element class to enable.", source: https://www.youtube.com/s/_/ytmainappweb/_/js/k=ytmainappweb.kevlar_base.en_US.vAn3DADFU-I.es5.O/d=0/br=1/rs=AGKMywG-rHD18OWTr6RXlMPqZxijbj_HLA (9593)
[26362:17387654:0507/181844.916583:INFO:CONSOLE(0)] "Banner not shown: beforeinstallpromptevent.preventDefault() called. The page must call beforeinstallpromptevent.prompt() to show the banner.", source: https://www.youtube.com/watch?v=rgaqwFPU7cc (0)
[26362:17387654:0507/181845.265656:INFO:CONSOLE(15)] "found a network call of new video id", source: chrome-extension://phodlngepckggdblipffhdhkinobaiif/assets/service-worker.ts-Ced1skHI.js (15)
[26362:17387654:0507/181845.803933:INFO:CONSOLE(0)] "Access to fetch at 'https://googleads.g.doubleclick.net/pagead/viewthroughconversion/962985656/?backend=innertube&cname=1&cver=2_20250506&foc_id=pko_-a4wgz2u_DgDgd9fqA&label=followon_view&ptype=no_rmkt&random=100532526&cv_attributed=0' (redirected from 'https://www.youtube.com/pagead/viewthroughconversion/962985656/?backend=innertube&cname=1&cver=2_20250506&foc_id=pko_-a4wgz2u_DgDgd9fqA&label=followon_view&ptype=no_rmkt&random=100532526') from origin 'https://www.youtube.com' has been blocked by CORS policy: No 'Access-Control-Allow-Origin' header is present on the requested resource. If an opaque response serves your needs, set the request's mode to 'no-cors' to fetch the resource with CORS disabled.", source: https://www.youtube.com/watch?v=rgaqwFPU7cc (0)
[26362:17387654:0507/181846.629741:WARNING:capture_device_ranking.h(255)] Can't initialize the value of media.audio_input.user_preference_ranking because media.default_audio_capture_device isn't registered or is empty
[26362:17387654:0507/181846.629856:WARNING:capture_device_ranking.h(255)] Can't initialize the value of media.video_input.user_preference_ranking because media.default_video_capture_Device isn't registered or is empty
[26362:17387654:0507/181849.720113:INFO:CONSOLE(0)] "The resource https://rr4---sn-p5qddn7d.googlevideo.com/generate_204?conn2 was preloaded using link preload but not used within a few seconds from the window's load event. Please make sure it has an appropriate `as` value and it is preloaded intentionally.", source: https://www.youtube.com/watch?v=rgaqwFPU7cc (0)
[26362:17387654:0507/181849.720162:INFO:CONSOLE(0)] "The resource https://rr4---sn-p5qddn7d.googlevideo.com/generate_204 was preloaded using link preload but not used within a few seconds from the window's load event. Please make sure it has an appropriate `as` value and it is preloaded intentionally.", source: https://www.youtube.com/watch?v=rgaqwFPU7cc (0)
[26362:17387654:0507/181849.720173:INFO:CONSOLE(0)] "The resource https://i.ytimg.com/generate_204 was preloaded using link preload but not used within a few seconds from the window's load event. Please make sure it has an appropriate `as` value and it is preloaded intentionally.", source: https://www.youtube.com/watch?v=rgaqwFPU7cc (0)
[26362:17387654:0507/181851.965197:INFO:CONSOLE(0)] "requestStorageAccessFor: Permission denied.", source: https://www.youtube.com/watch?v=rgaqwFPU7cc (0)
[26362:17387654:0507/181851.965482:INFO:CONSOLE(0)] "requestStorageAccessFor: Permission denied.", source: https://www.youtube.com/watch?v=rgaqwFPU7cc (0)
[26362:17387654:0507/181851.965518:INFO:CONSOLE(0)] "requestStorageAccessFor: Permission denied.", source: https://www.youtube.com/watch?v=rgaqwFPU7cc (0)
[26362:17387654:0507/181856.701172:INFO:CONSOLE(0)] "The resource https://rr4---sn-p5qddn7d.googlevideo.com/generate_204?conn2 was preloaded using link preload but not used within a few seconds from the window's load event. Please make sure it has an appropriate `as` value and it is preloaded intentionally.", source: https://www.youtube.com/watch?v=rgaqwFPU7cc (0)
[26362:17387654:0507/181856.701231:INFO:CONSOLE(0)] "The resource https://rr4---sn-p5qddn7d.googlevideo.com/generate_204 was preloaded using link preload but not used within a few seconds from the window's load event. Please make sure it has an appropriate `as` value and it is preloaded intentionally.", source: https://www.youtube.com/watch?v=rgaqwFPU7cc (0)
[26362:17387654:0507/181856.701252:INFO:CONSOLE(0)] "The resource https://i.ytimg.com/generate_204 was preloaded using link preload but not used within a few seconds from the window's load event. Please make sure it has an appropriate `as` value and it is preloaded intentionally.", source: https://www.youtube.com/watch?v=rgaqwFPU7cc (0)
[26362:17387821:0507/181857.717207:INFO:extension_garbage_collector.cc(183)] Garbage collection for extensions on file thread is complete.
[26362:17387654:0507/181903.701859:INFO:CONSOLE(0)] "The resource https://rr4---sn-p5qddn7d.googlevideo.com/generate_204?conn2 was preloaded using link preload but not used within a few seconds from the window's load event. Please make sure it has an appropriate `as` value and it is preloaded intentionally.", source: https://www.youtube.com/watch?v=rgaqwFPU7cc (0)
[26362:17387654:0507/181903.702644:INFO:CONSOLE(0)] "The resource https://rr4---sn-p5qddn7d.googlevideo.com/generate_204 was preloaded using link preload but not used within a few seconds from the window's load event. Please make sure it has an appropriate `as` value and it is preloaded intentionally.", source: https://www.youtube.com/watch?v=rgaqwFPU7cc (0)
[26362:17387654:0507/181903.702670:INFO:CONSOLE(0)] "The resource https://i.ytimg.com/generate_204 was preloaded using link preload but not used within a few seconds from the window's load event. Please make sure it has an appropriate `as` value and it is preloaded intentionally.", source: https://www.youtube.com/watch?v=rgaqwFPU7cc (0)
[26362:17387827:0507/181905.572211:ERROR:registration_request.cc(291)] Registration response error message: DEPRECATED_ENDPOINT
[26362:17387654:0507/181913.738073:INFO:CONSOLE(0)] "The resource https://rr4---sn-p5qddn7d.googlevideo.com/generate_204?conn2 was preloaded using link preload but not used within a few seconds from the window's load event. Please make sure it has an appropriate `as` value and it is preloaded intentionally.", source: https://www.youtube.com/watch?v=rgaqwFPU7cc (0)
[26362:17387654:0507/181913.738507:INFO:CONSOLE(0)] "The resource https://rr4---sn-p5qddn7d.googlevideo.com/generate_204 was preloaded using link preload but not used within a few seconds from the window's load event. Please make sure it has an appropriate `as` value and it is preloaded intentionally.", source: https://www.youtube.com/watch?v=rgaqwFPU7cc (0)
[26362:17387654:0507/181913.738546:INFO:CONSOLE(0)] "The resource https://i.ytimg.com/generate_204 was preloaded using link preload but not used within a few seconds from the window's load event. Please make sure it has an appropriate `as` value and it is preloaded intentionally.", source: https://www.youtube.com/watch?v=rgaqwFPU7cc (0)
[26362:17387827:0507/182005.744370:ERROR:registration_request.cc(291)] Registration response error message: DEPRECATED_ENDPOINT
