[52260:10397615:0505/121204.552913:INFO:chrome_browser_cloud_management_controller.cc(202)] No machine level policy manager exists.
[52271:10397774:0505/121204.623555:WARNING:address_sorter_posix.cc(461)] FromSockAddr failed on netmask
[52271:10397774:0505/121206.265586:WARNING:spdy_session.cc(2980)] Received HEADERS for invalid stream 5
[52271:10397774:0505/121206.469069:WARNING:spdy_session.cc(2980)] Received HEADERS for invalid stream 1
[52271:10397774:0505/121206.469138:WARNING:spdy_session.cc(2980)] Received HEADERS for invalid stream 3
[52260:10397615:0505/121207.145823:INFO:CONSOLE(0)] "[DOM] Input elements should have autocomplete attributes (suggested: "current-password"): (More info: https://goo.gl/9p2vKq) %o", source: https://accounts.google.com/v3/signin/identifier?continue=https%3A%2F%2Faccounts.google.com%2F&followup=https%3A%2F%2Faccounts.google.com%2F&ifkv=ASKV5Mjh5TSpuAbDYmiGFJHXarlFoCr9TseTMgbbbKB7OrijZjen8bCEzjOUEvQ9YGtaXyyDIfXW&passive=1209600&flowName=GlifWebSignIn&flowEntry=ServiceLogin&dsh=S2115457320%3A1746439926251896 (0)
[52260:10397615:0505/121207.150087:INFO:CONSOLE(424)] "%c%s color: red; background: yellow; font-size: 24px; WARNING!", source: https://www.gstatic.com/_/mss/boq-identity/_/js/k=boq-identity.AccountsSignInUi.en_US.4LzSXchkkbI.es5.O/am=yQEwVDKZRiAQEcUsSGeBkYCQAQAAAAAAAAAAGwAAwBwD/d=1/excm=_b,_tp,identifierview/ed=1/dg=0/wt=2/ujg=1/rs=AOaEmlHZ4cAcF-0Cb437dyZ-bqQs-hc1BQ/m=_b,_tp (424)
[52260:10397615:0505/121207.150117:INFO:CONSOLE(424)] "%c%s font-size: 18px; Using this console may allow attackers to impersonate you and steal your information using an attack called Self-XSS.
Do not enter or paste code that you do not understand.", source: https://www.gstatic.com/_/mss/boq-identity/_/js/k=boq-identity.AccountsSignInUi.en_US.4LzSXchkkbI.es5.O/am=yQEwVDKZRiAQEcUsSGeBkYCQAQAAAAAAAAAAGwAAwBwD/d=1/excm=_b,_tp,identifierview/ed=1/dg=0/wt=2/ujg=1/rs=AOaEmlHZ4cAcF-0Cb437dyZ-bqQs-hc1BQ/m=_b,_tp (424)
[52260:10397615:0505/121207.576327:WARNING:hid_collection.cc(240)] encountered report item with invalid report size (16384>32)
[52260:10397615:0505/121207.576379:WARNING:hid_collection.cc(240)] encountered report item with invalid report size (16384>32)
[52260:10397615:0505/121207.576413:WARNING:hid_collection.cc(240)] encountered report item with invalid report size (16384>32)
[52260:10397615:0505/121207.576443:WARNING:hid_collection.cc(240)] encountered report item with invalid report size (16384>32)
[52260:10397615:0505/121207.576475:WARNING:hid_collection.cc(240)] encountered report item with invalid report size (16384>32)
[52260:10397615:0505/121207.576511:WARNING:hid_collection.cc(240)] encountered report item with invalid report size (16384>32)
[52260:10397615:0505/121207.576677:WARNING:hid_collection.cc(240)] encountered report item with invalid report size (50>32)
[52260:10397615:0505/121207.576750:WARNING:hid_collection.cc(240)] encountered report item with invalid report size (16024>32)
[52260:10397615:0505/121207.576755:WARNING:hid_collection.cc(240)] encountered report item with invalid report size (1048>32)
[52260:10397615:0505/121208.019606:WARNING:capture_device_ranking.h(255)] Can't initialize the value of media.audio_input.user_preference_ranking because media.default_audio_capture_device isn't registered or is empty
[52260:10397615:0505/121208.019631:WARNING:capture_device_ranking.h(255)] Can't initialize the value of media.video_input.user_preference_ranking because media.default_video_capture_Device isn't registered or is empty
[52260:10397615:0505/121208.019642:WARNING:capture_device_ranking.h(255)] Can't initialize the value of media.audio_input.user_preference_ranking because media.default_audio_capture_device isn't registered or is empty
[52260:10397615:0505/121208.019647:WARNING:capture_device_ranking.h(255)] Can't initialize the value of media.video_input.user_preference_ranking because media.default_video_capture_Device isn't registered or is empty
[52260:10397615:0505/121215.488562:WARNING:controller_impl.cc(1187)] Background download complete, client: 6, completion type: 0, file size:5159
[52260:10397615:0505/121216.071374:WARNING:controller_impl.cc(1187)] Background download complete, client: 6, completion type: 0, file size:265059
[52260:10397615:0505/121216.197049:WARNING:controller_impl.cc(1187)] Background download complete, client: 6, completion type: 0, file size:883094
[52260:10397615:0505/121216.388963:WARNING:download_manager_impl.cc(701)] A download with the same GUID already exists, the new request is ignored.
[52260:10397615:0505/121216.408253:WARNING:controller_impl.cc(1187)] Background download complete, client: 6, completion type: 0, file size:45159
[52260:10397615:0505/121216.652573:WARNING:controller_impl.cc(1187)] Background download complete, client: 6, completion type: 0, file size:2200227
[52260:10397615:0505/121216.822269:WARNING:controller_impl.cc(1187)] Background download complete, client: 6, completion type: 0, file size:2992963
[52260:10397615:0505/121217.017911:WARNING:capture_device_ranking.h(255)] Can't initialize the value of media.audio_input.user_preference_ranking because media.default_audio_capture_device isn't registered or is empty
[52260:10397615:0505/121217.017938:WARNING:capture_device_ranking.h(255)] Can't initialize the value of media.video_input.user_preference_ranking because media.default_video_capture_Device isn't registered or is empty
[52260:10397615:0505/121217.027420:WARNING:controller_impl.cc(1187)] Background download complete, client: 6, completion type: 0, file size:2747170
[52260:10397615:0505/121217.085873:WARNING:controller_impl.cc(1187)] Background download complete, client: 6, completion type: 0, file size:4680
[52260:10397615:0505/121217.230490:WARNING:controller_impl.cc(1187)] Background download complete, client: 6, completion type: 0, file size:118577
[52260:10397615:0505/121227.007004:INFO:CONSOLE(371)] "%c%s color: red; background: yellow; font-size: 24px; WARNING!", source: https://www.gstatic.com/_/mss/boq-identity/_/js/k=boq-identity.AccountSettingsUi.en._6X1CYhDLDI.2019.O/am=AwFgMA3BteQiU3j7tWcWMDDm-We1sEkAECAACQCAAAAE/d=1/excm=_b,_tp,googleaccounthomeview/ed=1/dg=0/wt=2/ujg=1/rs=AOaEmlHXaE8DjZc6BdPycyGPbCKMEtLspg/m=_b,_tp (371)
[52260:10397615:0505/121227.007050:INFO:CONSOLE(371)] "%c%s font-size: 18px; Using this console may allow attackers to impersonate you and steal your information using an attack called Self-XSS.
Do not enter or paste code that you do not understand.", source: https://www.gstatic.com/_/mss/boq-identity/_/js/k=boq-identity.AccountSettingsUi.en._6X1CYhDLDI.2019.O/am=AwFgMA3BteQiU3j7tWcWMDDm-We1sEkAECAACQCAAAAE/d=1/excm=_b,_tp,googleaccounthomeview/ed=1/dg=0/wt=2/ujg=1/rs=AOaEmlHXaE8DjZc6BdPycyGPbCKMEtLspg/m=_b,_tp (371)
[52260:10397615:0505/121229.369579:WARNING:capture_device_ranking.h(255)] Can't initialize the value of media.audio_input.user_preference_ranking because media.default_audio_capture_device isn't registered or is empty
[52260:10397615:0505/121229.369598:WARNING:capture_device_ranking.h(255)] Can't initialize the value of media.video_input.user_preference_ranking because media.default_video_capture_Device isn't registered or is empty
[52260:10397615:0505/121237.621364:INFO:CONSOLE(1444)] "Deprecated API for given entry type.", source: https://mail.google.com/_/scs/mail-static/_/js/k=gmail.main.en.R83wtccQHDs.es5.O/am=UA0MBwCAD4C-pxvwV2DsAQQAwL_A56cP_IwufjcYAjHgIQKMCEgEoE-QTBWe5riP1_K7DTojHz8kACAAmhzNrOcAgF0aAgACAFaYoAwDAAAAAAAAAAAAAAAAAAAA8FoABA/d=1/exm=b/ed=1/im=1/dg=0/br=1/wt=1/rs=AHGWq9BkaDTc1qf0gQ5U3ToAJiejvfTHVw/cb=loaded_1/m=a (1444)
[52260:10397615:0505/121238.441179:WARNING:capture_device_ranking.h(255)] Can't initialize the value of media.audio_input.user_preference_ranking because media.default_audio_capture_device isn't registered or is empty
[52260:10397615:0505/121238.441208:WARNING:capture_device_ranking.h(255)] Can't initialize the value of media.video_input.user_preference_ranking because media.default_video_capture_Device isn't registered or is empty
[52260:10397615:0505/121255.647254:WARNING:capture_device_ranking.h(255)] Can't initialize the value of media.audio_input.user_preference_ranking because media.default_audio_capture_device isn't registered or is empty
[52260:10397615:0505/121255.647304:WARNING:capture_device_ranking.h(255)] Can't initialize the value of media.video_input.user_preference_ranking because media.default_video_capture_Device isn't registered or is empty
[52260:10397615:0505/121504.458040:INFO:CONSOLE(371)] "%c%s color: red; background: yellow; font-size: 24px; WARNING!", source: https://www.gstatic.com/_/mss/boq-identity/_/js/k=boq-identity.AccountSettingsUi.en._6X1CYhDLDI.2019.O/am=AwFgMA3BteQiU3j7tWcWMDDm-We1sEkAECAACQCAAAAE/d=1/excm=_b,_tp,googleaccounthomeview/ed=1/dg=0/wt=2/ujg=1/rs=AOaEmlHXaE8DjZc6BdPycyGPbCKMEtLspg/m=_b,_tp (371)
[52260:10397615:0505/121504.458098:INFO:CONSOLE(371)] "%c%s font-size: 18px; Using this console may allow attackers to impersonate you and steal your information using an attack called Self-XSS.
Do not enter or paste code that you do not understand.", source: https://www.gstatic.com/_/mss/boq-identity/_/js/k=boq-identity.AccountSettingsUi.en._6X1CYhDLDI.2019.O/am=AwFgMA3BteQiU3j7tWcWMDDm-We1sEkAECAACQCAAAAE/d=1/excm=_b,_tp,googleaccounthomeview/ed=1/dg=0/wt=2/ujg=1/rs=AOaEmlHXaE8DjZc6BdPycyGPbCKMEtLspg/m=_b,_tp (371)
[52260:10397615:0505/121601.451957:INFO:CONSOLE(371)] "%c%s color: red; background: yellow; font-size: 24px; WARNING!", source: https://www.gstatic.com/_/mss/boq-identity/_/js/k=boq-identity.AccountSettingsUi.en._6X1CYhDLDI.2019.O/am=AwFgMA3BteQiU3j7tWcWMDDm-We1sEkAECAACQCAAAAE/d=1/excm=_b,_tp,googleaccounthomeview/ed=1/dg=0/wt=2/ujg=1/rs=AOaEmlHXaE8DjZc6BdPycyGPbCKMEtLspg/m=_b,_tp (371)
[52260:10397615:0505/121601.452068:INFO:CONSOLE(371)] "%c%s font-size: 18px; Using this console may allow attackers to impersonate you and steal your information using an attack called Self-XSS.
Do not enter or paste code that you do not understand.", source: https://www.gstatic.com/_/mss/boq-identity/_/js/k=boq-identity.AccountSettingsUi.en._6X1CYhDLDI.2019.O/am=AwFgMA3BteQiU3j7tWcWMDDm-We1sEkAECAACQCAAAAE/d=1/excm=_b,_tp,googleaccounthomeview/ed=1/dg=0/wt=2/ujg=1/rs=AOaEmlHXaE8DjZc6BdPycyGPbCKMEtLspg/m=_b,_tp (371)
[52260:10397615:0505/121754.642927:WARNING:capture_device_ranking.h(255)] Can't initialize the value of media.audio_input.user_preference_ranking because media.default_audio_capture_device isn't registered or is empty
[52260:10397615:0505/121754.642959:WARNING:capture_device_ranking.h(255)] Can't initialize the value of media.video_input.user_preference_ranking because media.default_video_capture_Device isn't registered or is empty
[52260:10397615:0505/121800.688846:INFO:CONSOLE(1444)] "Deprecated API for given entry type.", source: https://mail.google.com/_/scs/mail-static/_/js/k=gmail.main.en.R83wtccQHDs.es5.O/am=UA0MBwCAD4C-pxvwV2DsAQQAwL_A56cP_IwufjcYAjHgIQKMCEgEoE-QTBWe5riP1_K7DTojHz8kACAAmhzNrOcAgF0aAgACAFaYoAwDAAAAAAAAAAAAAAAAAAAA8FoABA/d=1/exm=b/ed=1/im=1/dg=0/br=1/wt=1/rs=AHGWq9BkaDTc1qf0gQ5U3ToAJiejvfTHVw/cb=loaded_1/m=a (1444)
[52260:10397615:0505/121800.750553:INFO:CONSOLE(0)] "An iframe which has both allow-scripts and allow-same-origin for its sandbox attribute can escape its sandboxing.", source: https://mail.google.com/mail/u/0/data?sw=2&token=%5B%22cftp%22,%22222c64295c%22,%22gmail.pinto-server_20250411.01_p0%22,%22ZyMrc6cBAw-rFZnvtXyj5A%5Cu003d%5Cu003d%22,null,3,%22%22%5D&dilte=0&gme=1&sme=1&pt=ji&di=0 (0)
[52260:10397615:0505/121801.283128:WARNING:capture_device_ranking.h(255)] Can't initialize the value of media.audio_input.user_preference_ranking because media.default_audio_capture_device isn't registered or is empty
[52260:10397615:0505/121801.283150:WARNING:capture_device_ranking.h(255)] Can't initialize the value of media.video_input.user_preference_ranking because media.default_video_capture_Device isn't registered or is empty
[52260:10397615:0505/121817.130479:WARNING:capture_device_ranking.h(255)] Can't initialize the value of media.audio_input.user_preference_ranking because media.default_audio_capture_device isn't registered or is empty
[52260:10397615:0505/121817.130532:WARNING:capture_device_ranking.h(255)] Can't initialize the value of media.video_input.user_preference_ranking because media.default_video_capture_Device isn't registered or is empty
[52260:10397615:0505/121853.876710:ERROR:web_contents_delegate.cc(299)] WebContentsDelegate::CheckMediaAccessPermission: Not supported.
[52260:10397615:0505/121853.876776:ERROR:web_contents_delegate.cc(299)] WebContentsDelegate::CheckMediaAccessPermission: Not supported.
[52260:10397615:0505/121853.876815:WARNING:capture_device_ranking.h(255)] Can't initialize the value of media.audio_input.user_preference_ranking because media.default_audio_capture_device isn't registered or is empty
[52260:10397615:0505/121853.876828:WARNING:capture_device_ranking.h(255)] Can't initialize the value of media.video_input.user_preference_ranking because media.default_video_capture_Device isn't registered or is empty
[52260:10397615:0505/121909.767779:INFO:CONSOLE(1444)] "Deprecated API for given entry type.", source: https://mail.google.com/_/scs/mail-static/_/js/k=gmail.main.en.R83wtccQHDs.es5.O/am=UA0MBwCAD4C-pxvwV2DsAQQAwL_A56cP_IwufjcYAjHgIQKMCEgEoE-QTBWe5riP1_K7DTojHz8kACAAmhzNrOcAgF0aAgACAFaYoAwDAAAAAAAAAAAAAAAAAAAA8FoABA/d=1/exm=b/ed=1/im=1/dg=0/br=1/wt=1/rs=AHGWq9BkaDTc1qf0gQ5U3ToAJiejvfTHVw/cb=loaded_1/m=a (1444)
[52260:10397615:0505/121909.978288:INFO:CONSOLE(0)] "An iframe which has both allow-scripts and allow-same-origin for its sandbox attribute can escape its sandboxing.", source: https://mail.google.com/mail/u/0/data?sw=2&token=%5B%22cftp%22,%22222c64295c%22,%22gmail.pinto-server_20250411.01_p0%22,%22ZyMrc6cBAw-rFZnvtXyj5A%5Cu003d%5Cu003d%22,null,3,%22%22%5D&dilte=0&gme=1&sme=1&pt=ji&di=0 (0)
[52260:10397615:0505/121910.467626:ERROR:web_contents_delegate.cc(299)] WebContentsDelegate::CheckMediaAccessPermission: Not supported.
[52260:10397615:0505/121910.467682:ERROR:web_contents_delegate.cc(299)] WebContentsDelegate::CheckMediaAccessPermission: Not supported.
[52260:10397615:0505/121910.467718:WARNING:capture_device_ranking.h(255)] Can't initialize the value of media.audio_input.user_preference_ranking because media.default_audio_capture_device isn't registered or is empty
[52260:10397615:0505/121910.467732:WARNING:capture_device_ranking.h(255)] Can't initialize the value of media.video_input.user_preference_ranking because media.default_video_capture_Device isn't registered or is empty
[52260:10397615:0505/121927.105428:ERROR:web_contents_delegate.cc(299)] WebContentsDelegate::CheckMediaAccessPermission: Not supported.
[52260:10397615:0505/121927.105477:ERROR:web_contents_delegate.cc(299)] WebContentsDelegate::CheckMediaAccessPermission: Not supported.
[52260:10397615:0505/121927.105513:WARNING:capture_device_ranking.h(255)] Can't initialize the value of media.audio_input.user_preference_ranking because media.default_audio_capture_device isn't registered or is empty
[52260:10397615:0505/121927.105527:WARNING:capture_device_ranking.h(255)] Can't initialize the value of media.video_input.user_preference_ranking because media.default_video_capture_Device isn't registered or is empty
[52260:10397615:0505/122002.103117:ERROR:web_contents_delegate.cc(299)] WebContentsDelegate::CheckMediaAccessPermission: Not supported.
[52260:10397615:0505/122002.103157:ERROR:web_contents_delegate.cc(299)] WebContentsDelegate::CheckMediaAccessPermission: Not supported.
[52260:10397615:0505/122002.103184:WARNING:capture_device_ranking.h(255)] Can't initialize the value of media.audio_input.user_preference_ranking because media.default_audio_capture_device isn't registered or is empty
[52260:10397615:0505/122002.103192:WARNING:capture_device_ranking.h(255)] Can't initialize the value of media.video_input.user_preference_ranking because media.default_video_capture_Device isn't registered or is empty
[52260:10397615:0505/122017.800569:INFO:CONSOLE(1444)] "Deprecated API for given entry type.", source: https://mail.google.com/_/scs/mail-static/_/js/k=gmail.main.en.R83wtccQHDs.es5.O/am=UA0MBwCAD4C-pxvwV2DsAQQAwL_A56cP_IwufjcYAjHgIQKMCEgEoE-QTBWe5riP1_K7DTojHz8kACAAmhzNrOcAgF0aAgACAFaYoAwDAAAAAAAAAAAAAAAAAAAA8FoABA/d=1/exm=b/ed=1/im=1/dg=0/br=1/wt=1/rs=AHGWq9BkaDTc1qf0gQ5U3ToAJiejvfTHVw/cb=loaded_1/m=a (1444)
[52260:10397615:0505/122017.984763:INFO:CONSOLE(0)] "An iframe which has both allow-scripts and allow-same-origin for its sandbox attribute can escape its sandboxing.", source: https://mail.google.com/mail/u/0/data?sw=2&token=%5B%22cftp%22,%22222c64295c%22,%22gmail.pinto-server_20250411.01_p0%22,%22ZyMrc6cBAw-rFZnvtXyj5A%5Cu003d%5Cu003d%22,null,3,%22%22%5D&dilte=0&gme=1&sme=1&pt=ji&di=0 (0)
[52260:10397615:0505/122018.439899:ERROR:web_contents_delegate.cc(299)] WebContentsDelegate::CheckMediaAccessPermission: Not supported.
[52260:10397615:0505/122018.439939:ERROR:web_contents_delegate.cc(299)] WebContentsDelegate::CheckMediaAccessPermission: Not supported.
[52260:10397615:0505/122018.439970:WARNING:capture_device_ranking.h(255)] Can't initialize the value of media.audio_input.user_preference_ranking because media.default_audio_capture_device isn't registered or is empty
[52260:10397615:0505/122018.439978:WARNING:capture_device_ranking.h(255)] Can't initialize the value of media.video_input.user_preference_ranking because media.default_video_capture_Device isn't registered or is empty
[52260:10397615:0505/122032.866348:ERROR:web_contents_delegate.cc(299)] WebContentsDelegate::CheckMediaAccessPermission: Not supported.
[52260:10397615:0505/122032.866389:ERROR:web_contents_delegate.cc(299)] WebContentsDelegate::CheckMediaAccessPermission: Not supported.
[52260:10397615:0505/122032.866491:WARNING:capture_device_ranking.h(255)] Can't initialize the value of media.audio_input.user_preference_ranking because media.default_audio_capture_device isn't registered or is empty
[52260:10397615:0505/122032.866527:WARNING:capture_device_ranking.h(255)] Can't initialize the value of media.video_input.user_preference_ranking because media.default_video_capture_Device isn't registered or is empty
[52260:10397615:0505/122123.568815:INFO:CONSOLE(0)] "[DOM] Input elements should have autocomplete attributes (suggested: "current-password"): (More info: https://goo.gl/9p2vKq) %o", source: https://accounts.google.com/v3/signin/identifier?color_scheme=dark&dsh=S873479205:1746440482505815&ffgf=1&flow=promo&ssp=1&flowName=GlifDesktopChromeSync&continue=https://accounts.google.com/signin/chrome/sync/finish?est%3DABhSNjkvpqBPtMOU5r6WGMWAusOnB7XbYaZmL_m72cIKlHGZEqAcFF58ty5KZnlDvrQKwuumRJmgMN39mp4jI6o%26continue%3Dhttps://myaccount.google.com/?utm_source%253Dsign_in_no_continue (0)
[52260:10397615:0505/122123.573499:INFO:CONSOLE(424)] "%c%s color: red; background: yellow; font-size: 24px; WARNING!", source: https://www.gstatic.com/_/mss/boq-identity/_/js/k=boq-identity.AccountsSignInUi.en_US.4LzSXchkkbI.es5.O/am=iQEwVDK5RiAQB_H_7wfOO4zTAwAAAAAAAAAAGwAAwDw/d=1/excm=_b,_tp,identifierview/ed=1/dg=0/wt=2/ujg=1/rs=AOaEmlFfEl9EqOy8_WTYYTrfePEBAZiJmg/m=_b,_tp (424)
[52260:10397615:0505/122123.573515:INFO:CONSOLE(424)] "%c%s font-size: 18px; Using this console may allow attackers to impersonate you and steal your information using an attack called Self-XSS.
Do not enter or paste code that you do not understand.", source: https://www.gstatic.com/_/mss/boq-identity/_/js/k=boq-identity.AccountsSignInUi.en_US.4LzSXchkkbI.es5.O/am=iQEwVDK5RiAQB_H_7wfOO4zTAwAAAAAAAAAAGwAAwDw/d=1/excm=_b,_tp,identifierview/ed=1/dg=0/wt=2/ujg=1/rs=AOaEmlFfEl9EqOy8_WTYYTrfePEBAZiJmg/m=_b,_tp (424)
[52260:10397615:0505/122124.050189:ERROR:web_contents_delegate.cc(299)] WebContentsDelegate::CheckMediaAccessPermission: Not supported.
[52260:10397615:0505/122124.050226:ERROR:web_contents_delegate.cc(299)] WebContentsDelegate::CheckMediaAccessPermission: Not supported.
[52260:10397615:0505/122124.050260:WARNING:capture_device_ranking.h(255)] Can't initialize the value of media.audio_input.user_preference_ranking because media.default_audio_capture_device isn't registered or is empty
[52260:10397615:0505/122124.050272:WARNING:capture_device_ranking.h(255)] Can't initialize the value of media.video_input.user_preference_ranking because media.default_video_capture_Device isn't registered or is empty
[52260:10397700:0505/122215.060202:ERROR:registration_request.cc(291)] Registration response error message: DEPRECATED_ENDPOINT
[52260:10397700:0505/122215.069771:ERROR:registration_request.cc(291)] Registration response error message: PHONE_REGISTRATION_ERROR
[52260:10397615:0505/122234.607833:ERROR:new_tab_page_handler.cc(1345)] NewTabPage loaded into a non-browser-tab context
[52260:10397615:0505/122235.255788:ERROR:new_tab_page_handler.cc(1345)] NewTabPage loaded into a non-browser-tab context
[52260:10397700:0505/122243.702448:ERROR:registration_request.cc(291)] Registration response error message: DEPRECATED_ENDPOINT
[52260:10397700:0505/122306.494302:ERROR:registration_request.cc(291)] Registration response error message: DEPRECATED_ENDPOINT
[52260:10397615:0505/122310.031987:ERROR:new_tab_page_handler.cc(1345)] NewTabPage loaded into a non-browser-tab context
