[25764:17384435:0507/181813.172648:INFO:chrome_browser_cloud_management_controller.cc(202)] No machine level policy manager exists.
[25764:17384435:0507/181814.659555:INFO:CONSOLE(15)] "Service Worker Loaded", source: chrome-extension://phodlngepckggdblipffhdhkinobaiif/assets/service-worker.ts-Ced1skHI.js (15)
[25764:17384435:0507/181816.573919:WARNING:search_suggestion_parser.cc(134)] The length of reported subtypes (8) does not match the expected length (7)
[25764:17384524:0507/181817.025186:ERROR:registration_request.cc(291)] Registration response error message: DEPRECATED_ENDPOINT
[25764:17384435:0507/181817.123713:INFO:CONSOLE(376)] "%c%s color: red; background: yellow; font-size: 24px; WARNING!", source: https://www.gstatic.com/_/mss/boq-identity/_/js/k=boq-identity.AccountSettingsUi.en.07DG8gQy580.2019.O/am=AwFgMA3Bt0aRKbz9smcWYGDM889qYZMAIEAAEgAAAQII/d=1/excm=_b,_tp,googleaccounthomeview/ed=1/dg=0/wt=2/ujg=1/rs=AOaEmlHL8GS-H33XkghuQMNk7pvDShmoOg/m=_b,_tp (376)
[25764:17384435:0507/181817.123756:INFO:CONSOLE(376)] "%c%s font-size: 18px; Using this console may allow attackers to impersonate you and steal your information using an attack called Self-XSS.
Do not enter or paste code that you do not understand.", source: https://www.gstatic.com/_/mss/boq-identity/_/js/k=boq-identity.AccountSettingsUi.en.07DG8gQy580.2019.O/am=AwFgMA3Bt0aRKbz9smcWYGDM889qYZMAIEAAEgAAAQII/d=1/excm=_b,_tp,googleaccounthomeview/ed=1/dg=0/wt=2/ujg=1/rs=AOaEmlHL8GS-H33XkghuQMNk7pvDShmoOg/m=_b,_tp (376)
[25764:17384435:0507/181825.508311:INFO:CONSOLE(1)] "Content script loaded.", source: chrome-extension://phodlngepckggdblipffhdhkinobaiif/assets/content-scrpt.ts-B7QF6M01.js (1)
[25764:17384435:0507/181826.630612:INFO:CONSOLE(9593)] "LegacyDataMixin will be applied to all legacy elements.
Set `_legacyUndefinedCheck: true` on element class to enable.", source: https://www.youtube.com/s/_/ytmainappweb/_/js/k=ytmainappweb.kevlar_base.en_US.vAn3DADFU-I.es5.O/d=0/br=1/rs=AGKMywG-rHD18OWTr6RXlMPqZxijbj_HLA (9593)
[25764:17384435:0507/181829.986124:WARNING:capture_device_ranking.h(255)] Can't initialize the value of media.audio_input.user_preference_ranking because media.default_audio_capture_device isn't registered or is empty
[25764:17384435:0507/181829.986312:WARNING:capture_device_ranking.h(255)] Can't initialize the value of media.video_input.user_preference_ranking because media.default_video_capture_Device isn't registered or is empty
[25764:17384435:0507/181830.060058:INFO:CONSOLE(15)] "found a network call of new video id", source: chrome-extension://phodlngepckggdblipffhdhkinobaiif/assets/service-worker.ts-Ced1skHI.js (15)
[25764:17384435:0507/181830.551555:INFO:CONSOLE(0)] "Banner not shown: beforeinstallpromptevent.preventDefault() called. The page must call beforeinstallpromptevent.prompt() to show the banner.", source: https://www.youtube.com/watch?v=rgaqwFPU7cc (0)
[25764:17384435:0507/181830.634330:INFO:CONSOLE(0)] "Access to fetch at 'https://googleads.g.doubleclick.net/pagead/viewthroughconversion/962985656/?backend=innertube&cname=1&cver=2_20250506&foc_id=pko_-a4wgz2u_DgDgd9fqA&label=followon_view&ptype=no_rmkt&random=154249710&cv_attributed=0' (redirected from 'https://www.youtube.com/pagead/viewthroughconversion/962985656/?backend=innertube&cname=1&cver=2_20250506&foc_id=pko_-a4wgz2u_DgDgd9fqA&label=followon_view&ptype=no_rmkt&random=154249710') from origin 'https://www.youtube.com' has been blocked by CORS policy: No 'Access-Control-Allow-Origin' header is present on the requested resource. If an opaque response serves your needs, set the request's mode to 'no-cors' to fetch the resource with CORS disabled.", source: https://www.youtube.com/watch?v=rgaqwFPU7cc (0)
[25764:17384435:0507/181833.585657:INFO:CONSOLE(0)] "requestStorageAccessFor: Permission denied.", source: https://www.youtube.com/watch?v=rgaqwFPU7cc (0)
[25764:17384435:0507/181833.586086:INFO:CONSOLE(0)] "requestStorageAccessFor: Permission denied.", source: https://www.youtube.com/watch?v=rgaqwFPU7cc (0)
[25764:17384435:0507/181833.586109:INFO:CONSOLE(0)] "requestStorageAccessFor: Permission denied.", source: https://www.youtube.com/watch?v=rgaqwFPU7cc (0)
[25764:17384435:0507/181834.687949:INFO:CONSOLE(0)] "The resource https://rr4---sn-p5qlsn7l.googlevideo.com/generate_204 was preloaded using link preload but not used within a few seconds from the window's load event. Please make sure it has an appropriate `as` value and it is preloaded intentionally.", source: https://www.youtube.com/watch?v=rgaqwFPU7cc (0)
[25764:17384435:0507/181834.687993:INFO:CONSOLE(0)] "The resource https://rr4---sn-p5qlsn7l.googlevideo.com/generate_204?conn2 was preloaded using link preload but not used within a few seconds from the window's load event. Please make sure it has an appropriate `as` value and it is preloaded intentionally.", source: https://www.youtube.com/watch?v=rgaqwFPU7cc (0)
[25764:17384435:0507/181834.688002:INFO:CONSOLE(0)] "The resource https://i.ytimg.com/generate_204 was preloaded using link preload but not used within a few seconds from the window's load event. Please make sure it has an appropriate `as` value and it is preloaded intentionally.", source: https://www.youtube.com/watch?v=rgaqwFPU7cc (0)
[25764:17384435:0507/181839.678024:INFO:CONSOLE(0)] "The resource https://rr4---sn-p5qlsn7l.googlevideo.com/generate_204 was preloaded using link preload but not used within a few seconds from the window's load event. Please make sure it has an appropriate `as` value and it is preloaded intentionally.", source: https://www.youtube.com/watch?v=rgaqwFPU7cc (0)
[25764:17384435:0507/181839.678273:INFO:CONSOLE(0)] "The resource https://rr4---sn-p5qlsn7l.googlevideo.com/generate_204?conn2 was preloaded using link preload but not used within a few seconds from the window's load event. Please make sure it has an appropriate `as` value and it is preloaded intentionally.", source: https://www.youtube.com/watch?v=rgaqwFPU7cc (0)
[25764:17384435:0507/181839.678303:INFO:CONSOLE(0)] "The resource https://i.ytimg.com/generate_204 was preloaded using link preload but not used within a few seconds from the window's load event. Please make sure it has an appropriate `as` value and it is preloaded intentionally.", source: https://www.youtube.com/watch?v=rgaqwFPU7cc (0)
[25764:17384435:0507/181842.680923:INFO:CONSOLE(0)] "The resource https://rr4---sn-p5qlsn7l.googlevideo.com/generate_204 was preloaded using link preload but not used within a few seconds from the window's load event. Please make sure it has an appropriate `as` value and it is preloaded intentionally.", source: https://www.youtube.com/watch?v=rgaqwFPU7cc (0)
[25764:17384435:0507/181842.681110:INFO:CONSOLE(0)] "The resource https://rr4---sn-p5qlsn7l.googlevideo.com/generate_204?conn2 was preloaded using link preload but not used within a few seconds from the window's load event. Please make sure it has an appropriate `as` value and it is preloaded intentionally.", source: https://www.youtube.com/watch?v=rgaqwFPU7cc (0)
[25764:17384435:0507/181842.681223:INFO:CONSOLE(0)] "The resource https://i.ytimg.com/generate_204 was preloaded using link preload but not used within a few seconds from the window's load event. Please make sure it has an appropriate `as` value and it is preloaded intentionally.", source: https://www.youtube.com/watch?v=rgaqwFPU7cc (0)
[25764:17384520:0507/181843.215418:INFO:extension_garbage_collector.cc(183)] Garbage collection for extensions on file thread is complete.
[25764:17384524:0507/181845.242668:ERROR:registration_request.cc(291)] Registration response error message: DEPRECATED_ENDPOINT
[25764:17384435:0507/181852.674313:INFO:CONSOLE(0)] "The resource https://rr4---sn-p5qlsn7l.googlevideo.com/generate_204 was preloaded using link preload but not used within a few seconds from the window's load event. Please make sure it has an appropriate `as` value and it is preloaded intentionally.", source: https://www.youtube.com/watch?v=rgaqwFPU7cc (0)
[25764:17384435:0507/181852.674546:INFO:CONSOLE(0)] "The resource https://rr4---sn-p5qlsn7l.googlevideo.com/generate_204?conn2 was preloaded using link preload but not used within a few seconds from the window's load event. Please make sure it has an appropriate `as` value and it is preloaded intentionally.", source: https://www.youtube.com/watch?v=rgaqwFPU7cc (0)
[25764:17384435:0507/181852.674581:INFO:CONSOLE(0)] "The resource https://i.ytimg.com/generate_204 was preloaded using link preload but not used within a few seconds from the window's load event. Please make sure it has an appropriate `as` value and it is preloaded intentionally.", source: https://www.youtube.com/watch?v=rgaqwFPU7cc (0)
[25764:17384435:0507/181930.948580:INFO:CONSOLE(15)] "Service Worker Loaded", source: chrome-extension://phodlngepckggdblipffhdhkinobaiif/assets/service-worker.ts-Ced1skHI.js (15)
[25764:17384524:0507/181931.109844:ERROR:registration_request.cc(291)] Registration response error message: DEPRECATED_ENDPOINT
[25764:17384435:0507/181933.322962:INFO:CONSOLE(0)] "The resource https://rr4---sn-p5qlsn7l.googlevideo.com/generate_204 was preloaded using link preload but not used within a few seconds from the window's load event. Please make sure it has an appropriate `as` value and it is preloaded intentionally.", source: https://www.youtube.com/watch?v=rgaqwFPU7cc (0)
[25764:17384435:0507/181933.323015:INFO:CONSOLE(0)] "The resource https://rr4---sn-p5qlsn7l.googlevideo.com/generate_204?conn2 was preloaded using link preload but not used within a few seconds from the window's load event. Please make sure it has an appropriate `as` value and it is preloaded intentionally.", source: https://www.youtube.com/watch?v=rgaqwFPU7cc (0)
[25764:17384435:0507/181933.323026:INFO:CONSOLE(0)] "The resource https://i.ytimg.com/generate_204 was preloaded using link preload but not used within a few seconds from the window's load event. Please make sure it has an appropriate `as` value and it is preloaded intentionally.", source: https://www.youtube.com/watch?v=rgaqwFPU7cc (0)
[25764:17384524:0507/182056.842875:ERROR:registration_request.cc(291)] Registration response error message: DEPRECATED_ENDPOINT
