[26054:17385759:0507/181819.092666:INFO:chrome_browser_cloud_management_controller.cc(202)] No machine level policy manager exists.
[26054:17385759:0507/181821.192014:INFO:CONSOLE(15)] "Service Worker Loaded", source: chrome-extension://phodlngepckggdblipffhdhkinobaiif/assets/service-worker.ts-Ced1skHI.js (15)
[26054:17385759:0507/181823.068482:INFO:CONSOLE(376)] "%c%s color: red; background: yellow; font-size: 24px; WARNING!", source: https://www.gstatic.com/_/mss/boq-identity/_/js/k=boq-identity.AccountSettingsUi.en.07DG8gQy580.2019.O/am=AwFgMA3Bt0aRKbz9smcWYGDM889qYZMAIEAAEgAAAQAI/d=1/excm=_b,_tp,googleaccounthomeview/ed=1/dg=0/wt=2/ujg=1/rs=AOaEmlFUaUYLeJxegfzN6L5elKh4f7Rdsg/m=_b,_tp (376)
[26054:17385759:0507/181823.068527:INFO:CONSOLE(376)] "%c%s font-size: 18px; Using this console may allow attackers to impersonate you and steal your information using an attack called Self-XSS.
Do not enter or paste code that you do not understand.", source: https://www.gstatic.com/_/mss/boq-identity/_/js/k=boq-identity.AccountSettingsUi.en.07DG8gQy580.2019.O/am=AwFgMA3Bt0aRKbz9smcWYGDM889qYZMAIEAAEgAAAQAI/d=1/excm=_b,_tp,googleaccounthomeview/ed=1/dg=0/wt=2/ujg=1/rs=AOaEmlFUaUYLeJxegfzN6L5elKh4f7Rdsg/m=_b,_tp (376)
[26054:17385759:0507/181827.113115:INFO:CONSOLE(266)] "Unknown RPC service: _noop_echo", source: https://apis.google.com/_/scs/abc-static/_/js/k=gapi.gapi.en.F939Du45chc.O/m=gapi_iframes,googleapis_client/rt=j/sv=1/d=1/ed=1/rs=AHpOoo8uI5v7Xlp-b-Z4Th_hAAVtm2lZOw/cb=gapi.loaded_0 (266)
[26054:17385759:0507/181830.106560:INFO:CONSOLE(29)] "Slow network is detected. See https://www.chromestatus.com/feature/5636954674692096 for more details. Fallback font will be used while loading: https://fonts.gstatic.com/s/roboto/v18/KFOmCnqEu92Fr1Mu4mxKKTU1Kg.woff2", source: https://ogs.google.com/u/0/widget/app?eom=1&awwd=1&origin=https%3A%2F%2Fmyaccount.google.com&cn=app&pid=269&spid=192&hl=en (29)
[26054:17385759:0507/181830.113554:INFO:CONSOLE(29)] "Slow network is detected. See https://www.chromestatus.com/feature/5636954674692096 for more details. Fallback font will be used while loading: https://fonts.gstatic.com/s/googlesans/v62/4UaRrENHsxJlGDuGo1OIlJfC6l_24rlCK1Yo_Iq2vgCIhM907w.woff2", source: https://ogs.google.com/u/0/widget/app?eom=1&awwd=1&origin=https%3A%2F%2Fmyaccount.google.com&cn=app&pid=269&spid=192&hl=en (29)
[26054:17385797:0507/181833.205330:ERROR:registration_request.cc(291)] Registration response error message: DEPRECATED_ENDPOINT
[26054:17385759:0507/181836.448830:INFO:CONSOLE(1)] "Content script loaded.", source: chrome-extension://phodlngepckggdblipffhdhkinobaiif/assets/content-scrpt.ts-ClDsQgU3.js (1)
[26054:17385759:0507/181837.363542:INFO:CONSOLE(9593)] "LegacyDataMixin will be applied to all legacy elements.
Set `_legacyUndefinedCheck: true` on element class to enable.", source: https://www.youtube.com/s/_/ytmainappweb/_/js/k=ytmainappweb.kevlar_base.en_US.vAn3DADFU-I.es5.O/d=0/br=1/rs=AGKMywG-rHD18OWTr6RXlMPqZxijbj_HLA (9593)
[26054:17385759:0507/181840.152568:INFO:CONSOLE(15)] "found a network call of new video id", source: chrome-extension://phodlngepckggdblipffhdhkinobaiif/assets/service-worker.ts-Ced1skHI.js (15)
[26054:17385759:0507/181840.658773:INFO:CONSOLE(0)] "Access to fetch at 'https://googleads.g.doubleclick.net/pagead/viewthroughconversion/962985656/?backend=innertube&cname=1&cver=2_20250506&foc_id=pko_-a4wgz2u_DgDgd9fqA&label=followon_view&ptype=no_rmkt&random=600548147&cv_attributed=0' (redirected from 'https://www.youtube.com/pagead/viewthroughconversion/962985656/?backend=innertube&cname=1&cver=2_20250506&foc_id=pko_-a4wgz2u_DgDgd9fqA&label=followon_view&ptype=no_rmkt&random=600548147') from origin 'https://www.youtube.com' has been blocked by CORS policy: No 'Access-Control-Allow-Origin' header is present on the requested resource. If an opaque response serves your needs, set the request's mode to 'no-cors' to fetch the resource with CORS disabled.", source: https://www.youtube.com/watch?v=rgaqwFPU7cc (0)
[26054:17385759:0507/181841.574690:WARNING:capture_device_ranking.h(255)] Can't initialize the value of media.audio_input.user_preference_ranking because media.default_audio_capture_device isn't registered or is empty
[26054:17385759:0507/181841.575047:WARNING:capture_device_ranking.h(255)] Can't initialize the value of media.video_input.user_preference_ranking because media.default_video_capture_Device isn't registered or is empty
[26054:17385759:0507/181842.633541:INFO:CONSOLE(0)] "Banner not shown: beforeinstallpromptevent.preventDefault() called. The page must call beforeinstallpromptevent.prompt() to show the banner.", source: https://www.youtube.com/watch?v=rgaqwFPU7cc (0)
[26054:17385759:0507/181847.446505:INFO:CONSOLE(0)] "The resource https://rr4---sn-p5qddn7d.googlevideo.com/generate_204?conn2 was preloaded using link preload but not used within a few seconds from the window's load event. Please make sure it has an appropriate `as` value and it is preloaded intentionally.", source: https://www.youtube.com/watch?v=rgaqwFPU7cc (0)
[26054:17385759:0507/181847.446895:INFO:CONSOLE(0)] "The resource https://rr4---sn-p5qddn7d.googlevideo.com/generate_204 was preloaded using link preload but not used within a few seconds from the window's load event. Please make sure it has an appropriate `as` value and it is preloaded intentionally.", source: https://www.youtube.com/watch?v=rgaqwFPU7cc (0)
[26054:17385759:0507/181847.446912:INFO:CONSOLE(0)] "The resource https://i.ytimg.com/generate_204 was preloaded using link preload but not used within a few seconds from the window's load event. Please make sure it has an appropriate `as` value and it is preloaded intentionally.", source: https://www.youtube.com/watch?v=rgaqwFPU7cc (0)
[26054:17385759:0507/181847.701530:INFO:CONSOLE(0)] "requestStorageAccessFor: Permission denied.", source: https://www.youtube.com/watch?v=rgaqwFPU7cc (0)
[26054:17385759:0507/181847.701728:INFO:CONSOLE(0)] "requestStorageAccessFor: Permission denied.", source: https://www.youtube.com/watch?v=rgaqwFPU7cc (0)
[26054:17385759:0507/181847.701766:INFO:CONSOLE(0)] "requestStorageAccessFor: Permission denied.", source: https://www.youtube.com/watch?v=rgaqwFPU7cc (0)
[26054:17385793:0507/181849.160234:INFO:extension_garbage_collector.cc(183)] Garbage collection for extensions on file thread is complete.
[26054:17385759:0507/181850.456618:INFO:CONSOLE(0)] "The resource https://rr4---sn-p5qddn7d.googlevideo.com/generate_204?conn2 was preloaded using link preload but not used within a few seconds from the window's load event. Please make sure it has an appropriate `as` value and it is preloaded intentionally.", source: https://www.youtube.com/watch?v=rgaqwFPU7cc (0)
[26054:17385759:0507/181850.456657:INFO:CONSOLE(0)] "The resource https://rr4---sn-p5qddn7d.googlevideo.com/generate_204 was preloaded using link preload but not used within a few seconds from the window's load event. Please make sure it has an appropriate `as` value and it is preloaded intentionally.", source: https://www.youtube.com/watch?v=rgaqwFPU7cc (0)
[26054:17385759:0507/181850.456672:INFO:CONSOLE(0)] "The resource https://i.ytimg.com/generate_204 was preloaded using link preload but not used within a few seconds from the window's load event. Please make sure it has an appropriate `as` value and it is preloaded intentionally.", source: https://www.youtube.com/watch?v=rgaqwFPU7cc (0)
[26054:17385759:0507/181855.418962:INFO:CONSOLE(0)] "The resource https://rr4---sn-p5qddn7d.googlevideo.com/generate_204?conn2 was preloaded using link preload but not used within a few seconds from the window's load event. Please make sure it has an appropriate `as` value and it is preloaded intentionally.", source: https://www.youtube.com/watch?v=rgaqwFPU7cc (0)
[26054:17385759:0507/181855.419110:INFO:CONSOLE(0)] "The resource https://rr4---sn-p5qddn7d.googlevideo.com/generate_204 was preloaded using link preload but not used within a few seconds from the window's load event. Please make sure it has an appropriate `as` value and it is preloaded intentionally.", source: https://www.youtube.com/watch?v=rgaqwFPU7cc (0)
[26054:17385759:0507/181855.419128:INFO:CONSOLE(0)] "The resource https://i.ytimg.com/generate_204 was preloaded using link preload but not used within a few seconds from the window's load event. Please make sure it has an appropriate `as` value and it is preloaded intentionally.", source: https://www.youtube.com/watch?v=rgaqwFPU7cc (0)
[26054:17385797:0507/181856.446059:ERROR:registration_request.cc(291)] Registration response error message: DEPRECATED_ENDPOINT
[26054:17385759:0507/181900.394209:INFO:CONSOLE(0)] "The resource https://rr4---sn-p5qddn7d.googlevideo.com/generate_204?conn2 was preloaded using link preload but not used within a few seconds from the window's load event. Please make sure it has an appropriate `as` value and it is preloaded intentionally.", source: https://www.youtube.com/watch?v=rgaqwFPU7cc (0)
[26054:17385759:0507/181900.394249:INFO:CONSOLE(0)] "The resource https://rr4---sn-p5qddn7d.googlevideo.com/generate_204 was preloaded using link preload but not used within a few seconds from the window's load event. Please make sure it has an appropriate `as` value and it is preloaded intentionally.", source: https://www.youtube.com/watch?v=rgaqwFPU7cc (0)
[26054:17385759:0507/181900.394261:INFO:CONSOLE(0)] "The resource https://i.ytimg.com/generate_204 was preloaded using link preload but not used within a few seconds from the window's load event. Please make sure it has an appropriate `as` value and it is preloaded intentionally.", source: https://www.youtube.com/watch?v=rgaqwFPU7cc (0)
[26054:17385759:0507/181905.404417:INFO:CONSOLE(0)] "The resource https://rr4---sn-p5qddn7d.googlevideo.com/generate_204?conn2 was preloaded using link preload but not used within a few seconds from the window's load event. Please make sure it has an appropriate `as` value and it is preloaded intentionally.", source: https://www.youtube.com/watch?v=rgaqwFPU7cc (0)
[26054:17385759:0507/181905.404464:INFO:CONSOLE(0)] "The resource https://rr4---sn-p5qddn7d.googlevideo.com/generate_204 was preloaded using link preload but not used within a few seconds from the window's load event. Please make sure it has an appropriate `as` value and it is preloaded intentionally.", source: https://www.youtube.com/watch?v=rgaqwFPU7cc (0)
[26054:17385759:0507/181905.404478:INFO:CONSOLE(0)] "The resource https://i.ytimg.com/generate_204 was preloaded using link preload but not used within a few seconds from the window's load event. Please make sure it has an appropriate `as` value and it is preloaded intentionally.", source: https://www.youtube.com/watch?v=rgaqwFPU7cc (0)
[26054:17385759:0507/181921.040767:INFO:CONSOLE(0)] "The resource https://rr4---sn-p5qddn7d.googlevideo.com/generate_204?conn2 was preloaded using link preload but not used within a few seconds from the window's load event. Please make sure it has an appropriate `as` value and it is preloaded intentionally.", source: https://www.youtube.com/watch?v=rgaqwFPU7cc (0)
[26054:17385759:0507/181921.040939:INFO:CONSOLE(0)] "The resource https://rr4---sn-p5qddn7d.googlevideo.com/generate_204 was preloaded using link preload but not used within a few seconds from the window's load event. Please make sure it has an appropriate `as` value and it is preloaded intentionally.", source: https://www.youtube.com/watch?v=rgaqwFPU7cc (0)
[26054:17385759:0507/181921.040952:INFO:CONSOLE(0)] "The resource https://i.ytimg.com/generate_204 was preloaded using link preload but not used within a few seconds from the window's load event. Please make sure it has an appropriate `as` value and it is preloaded intentionally.", source: https://www.youtube.com/watch?v=rgaqwFPU7cc (0)
[26054:17385797:0507/181937.559135:ERROR:registration_request.cc(291)] Registration response error message: DEPRECATED_ENDPOINT
[26054:17385759:0507/182038.750786:INFO:CONSOLE(15)] "Service Worker Loaded", source: chrome-extension://phodlngepckggdblipffhdhkinobaiif/assets/service-worker.ts-Ced1skHI.js (15)
[26054:17385759:0507/182040.656057:INFO:CONSOLE(0)] "The resource https://rr4---sn-p5qddn7d.googlevideo.com/generate_204?conn2 was preloaded using link preload but not used within a few seconds from the window's load event. Please make sure it has an appropriate `as` value and it is preloaded intentionally.", source: https://www.youtube.com/watch?v=rgaqwFPU7cc (0)
[26054:17385759:0507/182040.656134:INFO:CONSOLE(0)] "The resource https://rr4---sn-p5qddn7d.googlevideo.com/generate_204 was preloaded using link preload but not used within a few seconds from the window's load event. Please make sure it has an appropriate `as` value and it is preloaded intentionally.", source: https://www.youtube.com/watch?v=rgaqwFPU7cc (0)
[26054:17385759:0507/182040.656148:INFO:CONSOLE(0)] "The resource https://i.ytimg.com/generate_204 was preloaded using link preload but not used within a few seconds from the window's load event. Please make sure it has an appropriate `as` value and it is preloaded intentionally.", source: https://www.youtube.com/watch?v=rgaqwFPU7cc (0)
