[25914:17385281:0507/181818.391024:INFO:chrome_browser_cloud_management_controller.cc(202)] No machine level policy manager exists.
[25914:17385581:0507/181818.455780:ERROR:token_service_table.cc(189)] Failed to decrypt token for service AccountId-104008466893312318688
[25914:17385281:0507/181821.190330:INFO:CONSOLE(15)] "Service Worker Loaded", source: chrome-extension://phodlngepckggdblipffhdhkinobaiif/assets/service-worker.ts-Ced1skHI.js (15)
[25914:17385281:0507/181821.276844:INFO:CONSOLE(15)] "Service Worker Loaded", source: chrome-extension://phodlngepckggdblipffhdhkinobaiif/assets/service-worker.ts-Ced1skHI.js (15)
[25914:17385548:0507/181822.501607:ERROR:registration_request.cc(291)] Registration response error message: DEPRECATED_ENDPOINT
[25914:17385281:0507/181822.830496:INFO:CONSOLE(197)] "Slow network is detected. See https://www.chromestatus.com/feature/5636954674692096 for more details. Fallback font will be used while loading: https://fonts.gstatic.com/s/googlesans/v62/4UaRrENHsxJlGDuGo1OIlJfC6l_24rlCK1Yo_Iq2vgCIhM907w.woff2", source: https://accounts.google.com/v3/signin/identifier?continue=https%3A%2F%2Faccounts.google.com%2F&followup=https%3A%2F%2Faccounts.google.com%2F&ifkv=ASKV5MjX_r1eeqGBJCSug-jx-Du_UKxd_rJl8IvF5Mm_SQ-bILHScvfBdUuwwqyPyWvYuKcYd_uRCg&passive=1209600&flowName=GlifWebSignIn&flowEntry=ServiceLogin&dsh=S-1724598548%3A1746634702438358 (197)
[25914:17385281:0507/181822.915610:INFO:CONSOLE(0)] "[DOM] Input elements should have autocomplete attributes (suggested: "current-password"): (More info: https://goo.gl/9p2vKq) %o", source: https://accounts.google.com/v3/signin/identifier?continue=https%3A%2F%2Faccounts.google.com%2F&followup=https%3A%2F%2Faccounts.google.com%2F&ifkv=ASKV5MjX_r1eeqGBJCSug-jx-Du_UKxd_rJl8IvF5Mm_SQ-bILHScvfBdUuwwqyPyWvYuKcYd_uRCg&passive=1209600&flowName=GlifWebSignIn&flowEntry=ServiceLogin&dsh=S-1724598548%3A1746634702438358 (0)
[25914:17385281:0507/181822.919317:INFO:CONSOLE(435)] "%c%s color: red; background: yellow; font-size: 24px; WARNING!", source: https://www.gstatic.com/_/mss/boq-identity/_/js/k=boq-identity.AccountsSignInUi.en_US.hEXn5l5-o5k.es5.O/am=yQEwVjK5RiAgIopZkM4CIwEhAwAAAAAAAAAANgAAgDkG/d=1/excm=_b,_tp,identifierview/ed=1/dg=0/wt=2/ujg=1/rs=AOaEmlEvNoYEGXCcnGeJjNoVaITH87htuw/m=_b,_tp (435)
[25914:17385281:0507/181822.919361:INFO:CONSOLE(435)] "%c%s font-size: 18px; Using this console may allow attackers to impersonate you and steal your information using an attack called Self-XSS.
Do not enter or paste code that you do not understand.", source: https://www.gstatic.com/_/mss/boq-identity/_/js/k=boq-identity.AccountsSignInUi.en_US.hEXn5l5-o5k.es5.O/am=yQEwVjK5RiAgIopZkM4CIwEhAwAAAAAAAAAANgAAgDkG/d=1/excm=_b,_tp,identifierview/ed=1/dg=0/wt=2/ujg=1/rs=AOaEmlEvNoYEGXCcnGeJjNoVaITH87htuw/m=_b,_tp (435)
[25914:17385281:0507/181823.020967:WARNING:hid_collection.cc(240)] encountered report item with invalid report size (16384>32)
[25914:17385281:0507/181823.021026:WARNING:hid_collection.cc(240)] encountered report item with invalid report size (16384>32)
[25914:17385281:0507/181823.021059:WARNING:hid_collection.cc(240)] encountered report item with invalid report size (16384>32)
[25914:17385281:0507/181823.021090:WARNING:hid_collection.cc(240)] encountered report item with invalid report size (16384>32)
[25914:17385281:0507/181823.021121:WARNING:hid_collection.cc(240)] encountered report item with invalid report size (16384>32)
[25914:17385281:0507/181823.021154:WARNING:hid_collection.cc(240)] encountered report item with invalid report size (16384>32)
[25914:17385281:0507/181823.021477:WARNING:hid_collection.cc(240)] encountered report item with invalid report size (50>32)
[25914:17385281:0507/181823.021553:WARNING:hid_collection.cc(240)] encountered report item with invalid report size (16024>32)
[25914:17385281:0507/181823.021557:WARNING:hid_collection.cc(240)] encountered report item with invalid report size (1048>32)
[25914:17385281:0507/181825.382029:WARNING:capture_device_ranking.h(255)] Can't initialize the value of media.audio_input.user_preference_ranking because media.default_audio_capture_device isn't registered or is empty
[25914:17385281:0507/181825.382061:WARNING:capture_device_ranking.h(255)] Can't initialize the value of media.video_input.user_preference_ranking because media.default_video_capture_Device isn't registered or is empty
[25914:17385281:0507/181825.382071:WARNING:capture_device_ranking.h(255)] Can't initialize the value of media.audio_input.user_preference_ranking because media.default_audio_capture_device isn't registered or is empty
[25914:17385281:0507/181825.382076:WARNING:capture_device_ranking.h(255)] Can't initialize the value of media.video_input.user_preference_ranking because media.default_video_capture_Device isn't registered or is empty
[25914:17385281:0507/181834.377589:WARNING:capture_device_ranking.h(255)] Can't initialize the value of media.audio_input.user_preference_ranking because media.default_audio_capture_device isn't registered or is empty
[25914:17385281:0507/181834.377729:WARNING:capture_device_ranking.h(255)] Can't initialize the value of media.video_input.user_preference_ranking because media.default_video_capture_Device isn't registered or is empty
[25914:17385548:0507/181845.906239:ERROR:registration_request.cc(291)] Registration response error message: DEPRECATED_ENDPOINT
[25914:17385281:0507/181846.026549:INFO:CONSOLE(357)] "%c%s color: red; background: yellow; font-size: 24px; WARNING!", source: https://www.gstatic.com/_/mss/boq-googlegrowth/_/js/k=boq-googlegrowth.GrowthOnboardUi.en.KGeh2WLsJFs.es5.O/am=AGCEHAOIAQAAJA/d=1/excm=_b,_tp,landingview/ed=1/dg=0/wt=2/ujg=1/rs=AF-uQDmphhkLuFgoyZVTD4xEv7uvZ4Qwiw/m=_b,_tp (357)
[25914:17385281:0507/181846.026581:INFO:CONSOLE(357)] "%c%s font-size: 18px; Using this console may allow attackers to impersonate you and steal your information using an attack called Self-XSS.
Do not enter or paste code that you do not understand.", source: https://www.gstatic.com/_/mss/boq-googlegrowth/_/js/k=boq-googlegrowth.GrowthOnboardUi.en.KGeh2WLsJFs.es5.O/am=AGCEHAOIAQAAJA/d=1/excm=_b,_tp,landingview/ed=1/dg=0/wt=2/ujg=1/rs=AF-uQDmphhkLuFgoyZVTD4xEv7uvZ4Qwiw/m=_b,_tp (357)
[25914:17385543:0507/181848.459666:INFO:extension_garbage_collector.cc(183)] Garbage collection for extensions on file thread is complete.
[25914:17385281:0507/181849.317017:INFO:CONSOLE(1)] "Content script loaded.", source: chrome-extension://phodlngepckggdblipffhdhkinobaiif/assets/content-scrpt.ts-BB43ir7d.js (1)
[25914:17385281:0507/181850.266659:INFO:CONSOLE(9593)] "LegacyDataMixin will be applied to all legacy elements.
Set `_legacyUndefinedCheck: true` on element class to enable.", source: https://www.youtube.com/s/_/ytmainappweb/_/js/k=ytmainappweb.kevlar_base.en_US.vAn3DADFU-I.es5.O/d=0/br=1/rs=AGKMywG-rHD18OWTr6RXlMPqZxijbj_HLA (9593)
[25914:17385281:0507/181850.735135:WARNING:capture_device_ranking.h(255)] Can't initialize the value of media.audio_input.user_preference_ranking because media.default_audio_capture_device isn't registered or is empty
[25914:17385281:0507/181850.735231:WARNING:capture_device_ranking.h(255)] Can't initialize the value of media.video_input.user_preference_ranking because media.default_video_capture_Device isn't registered or is empty
[25914:17385281:0507/181851.358387:INFO:CONSOLE(15)] "found a network call of new video id", source: chrome-extension://phodlngepckggdblipffhdhkinobaiif/assets/service-worker.ts-Ced1skHI.js (15)
[25914:17385281:0507/181851.358412:INFO:CONSOLE(15)] "the video id is an AD id: m1ge0yMDPC8", source: chrome-extension://phodlngepckggdblipffhdhkinobaiif/assets/service-worker.ts-Ced1skHI.js (15)
[25914:17385281:0507/181851.358420:INFO:CONSOLE(15)] "subtitles are : ", source: chrome-extension://phodlngepckggdblipffhdhkinobaiif/assets/service-worker.ts-Ced1skHI.js (15)
[25914:17385281:0507/181853.038861:INFO:CONSOLE(0)] "Banner not shown: beforeinstallpromptevent.preventDefault() called. The page must call beforeinstallpromptevent.prompt() to show the banner.", source: https://www.youtube.com/watch?v=rgaqwFPU7cc (0)
[25914:17385281:0507/181853.191857:INFO:CONSOLE(1)] "Content script loaded.", source: chrome-extension://phodlngepckggdblipffhdhkinobaiif/assets/content-scrpt.ts-BB43ir7d.js (1)
[25914:17385281:0507/181853.327568:INFO:CONSOLE(1)] "New ad detected:", source: chrome-extension://phodlngepckggdblipffhdhkinobaiif/assets/content-scrpt.ts-BB43ir7d.js (1)
[25914:17385281:0507/181853.327607:INFO:CONSOLE(1)] "Video ID: m1ge0yMDPC8", source: chrome-extension://phodlngepckggdblipffhdhkinobaiif/assets/content-scrpt.ts-BB43ir7d.js (1)
[25914:17385281:0507/181853.327624:INFO:CONSOLE(1)] "Processing ad video ID: m1ge0yMDPC8 ", source: chrome-extension://phodlngepckggdblipffhdhkinobaiif/assets/content-scrpt.ts-BB43ir7d.js (1)
[25914:17385281:0507/181853.327693:INFO:CONSOLE(1)] "null", source: chrome-extension://phodlngepckggdblipffhdhkinobaiif/assets/content-scrpt.ts-BB43ir7d.js (1)
[25914:17385281:0507/181853.945169:INFO:CONSOLE(9593)] "LegacyDataMixin will be applied to all legacy elements.
Set `_legacyUndefinedCheck: true` on element class to enable.", source: https://www.youtube.com/s/_/ytmainappweb/_/js/k=ytmainappweb.kevlar_base.en_US.vAn3DADFU-I.es5.O/d=0/br=1/rs=AGKMywG-rHD18OWTr6RXlMPqZxijbj_HLA (9593)
[25914:17385281:0507/181854.135693:INFO:CONSOLE(0)] "Banner not shown: beforeinstallpromptevent.preventDefault() called. The page must call beforeinstallpromptevent.prompt() to show the banner.", source: https://www.youtube.com/watch?reload=9&v=rgaqwFPU7cc (0)
[25914:17385281:0507/181854.157472:WARNING:capture_device_ranking.h(255)] Can't initialize the value of media.audio_input.user_preference_ranking because media.default_audio_capture_device isn't registered or is empty
[25914:17385281:0507/181854.157496:WARNING:capture_device_ranking.h(255)] Can't initialize the value of media.video_input.user_preference_ranking because media.default_video_capture_Device isn't registered or is empty
[25914:17385281:0507/181855.486993:INFO:CONSOLE(15)] "found a network call of new video id", source: chrome-extension://phodlngepckggdblipffhdhkinobaiif/assets/service-worker.ts-Ced1skHI.js (15)
[25914:17385281:0507/181855.487024:INFO:CONSOLE(15)] "the video id is an AD id: 7Yxq6qIij7E", source: chrome-extension://phodlngepckggdblipffhdhkinobaiif/assets/service-worker.ts-Ced1skHI.js (15)
[25914:17385281:0507/181855.487032:INFO:CONSOLE(15)] "subtitles are : ", source: chrome-extension://phodlngepckggdblipffhdhkinobaiif/assets/service-worker.ts-Ced1skHI.js (15)
[25914:17385281:0507/181856.768721:INFO:CONSOLE(15)] "Error fetching transcript: Error: [YoutubeTranscript] 🚨 Transcript is disabled on this video (7Yxq6qIij7E)", source: chrome-extension://phodlngepckggdblipffhdhkinobaiif/assets/service-worker.ts-Ced1skHI.js (15)
[25914:17385281:0507/181856.769419:INFO:CONSOLE(1)] "New ad detected:", source: chrome-extension://phodlngepckggdblipffhdhkinobaiif/assets/content-scrpt.ts-BB43ir7d.js (1)
[25914:17385281:0507/181856.769470:INFO:CONSOLE(1)] "Video ID: 7Yxq6qIij7E", source: chrome-extension://phodlngepckggdblipffhdhkinobaiif/assets/content-scrpt.ts-BB43ir7d.js (1)
[25914:17385281:0507/181856.769489:INFO:CONSOLE(1)] "Processing ad video ID: 7Yxq6qIij7E ", source: chrome-extension://phodlngepckggdblipffhdhkinobaiif/assets/content-scrpt.ts-BB43ir7d.js (1)
[25914:17385281:0507/181856.769605:INFO:CONSOLE(1)] "[object HTMLButtonElement]", source: chrome-extension://phodlngepckggdblipffhdhkinobaiif/assets/content-scrpt.ts-BB43ir7d.js (1)
[25914:17385281:0507/181856.786608:INFO:CONSOLE(0)] "requestStorageAccessFor: Must be handling a user gesture to use.", source: https://www.youtube.com/watch?v=rgaqwFPU7cc (0)
[25914:17385281:0507/181856.786671:INFO:CONSOLE(0)] "requestStorageAccessFor: Permission denied.", source: https://www.youtube.com/watch?v=rgaqwFPU7cc (0)
[25914:17385281:0507/181856.786686:INFO:CONSOLE(0)] "requestStorageAccessFor: Must be handling a user gesture to use.", source: https://www.youtube.com/watch?v=rgaqwFPU7cc (0)
[25914:17385281:0507/181856.786697:INFO:CONSOLE(0)] "requestStorageAccessFor: Must be handling a user gesture to use.", source: https://www.youtube.com/watch?v=rgaqwFPU7cc (0)
[25914:17385281:0507/181856.788004:INFO:CONSOLE(0)] "requestStorageAccessFor: Permission denied.", source: https://www.youtube.com/watch?v=rgaqwFPU7cc (0)
[25914:17385281:0507/181856.788044:INFO:CONSOLE(0)] "requestStorageAccessFor: Permission denied.", source: https://www.youtube.com/watch?v=rgaqwFPU7cc (0)
[25914:17385281:0507/181858.528955:INFO:CONSOLE(438)] "[Report Only] Refused to load the script 'https://www.google.com/js/bg/757zfxS3p6XfHsxFYkOZ7kSJWqDt54kVSfVCQL75cNA.js' because it violates the following Content Security Policy directive: "script-src 'unsafe-inline' 'unsafe-eval' blob: data: https://www.gstatic.com/_/mss/boq-one-google/_/ https://www.gstatic.com/og/_/js/ https://apis.google.com/js/api.js https://apis.google.com/js/client.js https://www.google.com/tools/feedback/load.js https://www.google.com/tools/feedback/open.js https://www.google.com/tools/feedback/open_to_help_guide_lazy.js https://www.google.com/tools/feedback/help_api.js https://www.gstatic.com/inproduct_help/service/lazy.min.js https://www.gstatic.com/inproduct_help/api/main.min.js https://www.gstatic.com/inproduct_help/chatsupport/chatsupport_button_v2.js https://www.gstatic.com/feedback/js/help/prod/service/lazy.min.js https://www.gstatic.com/uservoice/feedback/client/web/live/ https://www.google.com/tools/feedback/chat_load.js https://www.gstatic.com/uservoice/surveys/resources/prod/js/survey/ https://www.gstatic.com/feedback/js/ghelp/ https://www.googletagmanager.com/gtag/js https://www.google-analytics.com/analytics.js https://www.googletagmanager.com/gtag/destination https://www.gstatic.com/_/mss/boq-ads-privacy-consumer-frontend/_/js/k=boq-ads-privacy-consumer-frontend.AboutThisAdYouTubeUi.en.aNpZptsf5ko.es5.O/ https://apis.google.com/_/scs/abc-static/_/js/". Note that 'script-src-elem' was not explicitly set, so 'script-src' is used as a fallback.
", source: https://www.gstatic.com/og/_/js/k=og.qtm.en_US.jS_CZIDYjaI.2019.O/rt=j/m=qgl,q_dnp,qmd,qcwid,qbd,qapid,qads,q_dg,qrbg/exm=qaaw,qabr,qadd,qaid,qalo,qebr,qein,qhaw,qhawgm3,qhba,qhbr,qhbrgm3,qhch,qhchgm3,qhga,qhid,qhidgm3,qhin,qhlo,qhlogm3,qhmn,qhpc,qhsf,qhsfgm3,qhtt/d=1/ed=1/rs=AA2YrTsB9Qz4OH5RFhAQLL8W1kIQz_J3Rg (438)
[25914:17385281:0507/181859.263782:WARNING:capture_device_ranking.h(255)] Can't initialize the value of media.audio_input.user_preference_ranking because media.default_audio_capture_device isn't registered or is empty
[25914:17385281:0507/181859.263810:WARNING:capture_device_ranking.h(255)] Can't initialize the value of media.video_input.user_preference_ranking because media.default_video_capture_Device isn't registered or is empty
[25914:17385281:0507/181859.776565:INFO:CONSOLE(1)] "Clicking the ad button", source: chrome-extension://phodlngepckggdblipffhdhkinobaiif/assets/content-scrpt.ts-BB43ir7d.js (1)
[25914:17385281:0507/181900.339494:INFO:CONSOLE(438)] "[Report Only] Refused to load the script 'https://www.google.com/js/bg/757zfxS3p6XfHsxFYkOZ7kSJWqDt54kVSfVCQL75cNA.js' because it violates the following Content Security Policy directive: "script-src 'unsafe-inline' 'unsafe-eval' blob: data: https://www.gstatic.com/_/mss/boq-one-google/_/ https://www.gstatic.com/og/_/js/ https://apis.google.com/js/api.js https://apis.google.com/js/client.js https://www.google.com/tools/feedback/load.js https://www.google.com/tools/feedback/open.js https://www.google.com/tools/feedback/open_to_help_guide_lazy.js https://www.google.com/tools/feedback/help_api.js https://www.gstatic.com/inproduct_help/service/lazy.min.js https://www.gstatic.com/inproduct_help/api/main.min.js https://www.gstatic.com/inproduct_help/chatsupport/chatsupport_button_v2.js https://www.gstatic.com/feedback/js/help/prod/service/lazy.min.js https://www.gstatic.com/uservoice/feedback/client/web/live/ https://www.google.com/tools/feedback/chat_load.js https://www.gstatic.com/uservoice/surveys/resources/prod/js/survey/ https://www.gstatic.com/feedback/js/ghelp/ https://www.googletagmanager.com/gtag/js https://www.google-analytics.com/analytics.js https://www.googletagmanager.com/gtag/destination https://www.gstatic.com/_/mss/boq-ads-privacy-consumer-frontend/_/js/k=boq-ads-privacy-consumer-frontend.AboutThisAdYouTubeUi.en.aNpZptsf5ko.es5.O/ https://apis.google.com/_/scs/abc-static/_/js/". Note that 'script-src-elem' was not explicitly set, so 'script-src' is used as a fallback.
", source: https://www.gstatic.com/og/_/js/k=og.qtm.en_US.jS_CZIDYjaI.2019.O/rt=j/m=qgl,q_dnp,qmd,qcwid,qbd,qapid,qads,q_dg,qrbg/exm=qaaw,qabr,qadd,qaid,qalo,qebr,qein,qhaw,qhawgm3,qhba,qhbr,qhbrgm3,qhch,qhchgm3,qhga,qhid,qhidgm3,qhin,qhlo,qhlogm3,qhmn,qhpc,qhsf,qhsfgm3,qhtt/d=1/ed=1/rs=AA2YrTsB9Qz4OH5RFhAQLL8W1kIQz_J3Rg (438)
[25914:17385281:0507/181900.656536:WARNING:capture_device_ranking.h(255)] Can't initialize the value of media.audio_input.user_preference_ranking because media.default_audio_capture_device isn't registered or is empty
[25914:17385281:0507/181900.656565:WARNING:capture_device_ranking.h(255)] Can't initialize the value of media.video_input.user_preference_ranking because media.default_video_capture_Device isn't registered or is empty
[25914:17385281:0507/181902.782680:INFO:CONSOLE(1)] "Clicking the ad button", source: chrome-extension://phodlngepckggdblipffhdhkinobaiif/assets/content-scrpt.ts-BB43ir7d.js (1)
[25914:17385281:0507/181904.149258:INFO:CONSOLE(1)] "[object Object]", source: chrome-extension://phodlngepckggdblipffhdhkinobaiif/assets/content-scrpt.ts-BB43ir7d.js (1)
[25914:17385281:0507/181904.149403:INFO:CONSOLE(1)] "[object Object]", source: chrome-extension://phodlngepckggdblipffhdhkinobaiif/assets/content-scrpt.ts-BB43ir7d.js (1)
[25914:17385281:0507/181904.596981:INFO:CONSOLE(1)] "Ad added to db", source: chrome-extension://phodlngepckggdblipffhdhkinobaiif/assets/content-scrpt.ts-BB43ir7d.js (1)
[25914:17385281:0507/181904.597300:INFO:CONSOLE(1)] "[object Object]", source: chrome-extension://phodlngepckggdblipffhdhkinobaiif/assets/content-scrpt.ts-BB43ir7d.js (1)
[25914:17385281:0507/181906.420366:INFO:CONSOLE(1)] "[object Object]", source: chrome-extension://phodlngepckggdblipffhdhkinobaiif/assets/content-scrpt.ts-BB43ir7d.js (1)
[25914:17385281:0507/181906.420524:INFO:CONSOLE(1)] "[object Object]", source: chrome-extension://phodlngepckggdblipffhdhkinobaiif/assets/content-scrpt.ts-BB43ir7d.js (1)
[25914:17385281:0507/181908.221869:INFO:CONSOLE(1)] "[object Object]", source: chrome-extension://phodlngepckggdblipffhdhkinobaiif/assets/content-scrpt.ts-BB43ir7d.js (1)
[25914:17385281:0507/181908.222129:INFO:CONSOLE(1)] "[object Object]", source: chrome-extension://phodlngepckggdblipffhdhkinobaiif/assets/content-scrpt.ts-BB43ir7d.js (1)
[25914:17385281:0507/181908.222175:INFO:CONSOLE(1)] "[object Object]", source: chrome-extension://phodlngepckggdblipffhdhkinobaiif/assets/content-scrpt.ts-BB43ir7d.js (1)
[25914:17385281:0507/181908.709705:INFO:CONSOLE(1)] "Channel already exists in db", source: chrome-extension://phodlngepckggdblipffhdhkinobaiif/assets/content-scrpt.ts-BB43ir7d.js (1)
[25914:17385281:0507/181909.171431:INFO:CONSOLE(1)] "Video already exists in db", source: chrome-extension://phodlngepckggdblipffhdhkinobaiif/assets/content-scrpt.ts-BB43ir7d.js (1)
[25914:17385281:0507/181909.171497:INFO:CONSOLE(1)] "7Yxq6qIij7E rgaqwFPU7cc UCpko_-a4wgz2u_DgDgd9fqA noPersoF N/A The time of day,Your general location (like your country or city)", source: chrome-extension://phodlngepckggdblipffhdhkinobaiif/assets/content-scrpt.ts-BB43ir7d.js (1)
[25914:17385281:0507/181915.381714:INFO:CONSOLE(0)] "The resource https://rr4---sn-p5qddn7d.googlevideo.com/generate_204?conn2 was preloaded using link preload but not used within a few seconds from the window's load event. Please make sure it has an appropriate `as` value and it is preloaded intentionally.", source: https://www.youtube.com/watch?v=rgaqwFPU7cc (0)
[25914:17385281:0507/181915.382068:INFO:CONSOLE(0)] "The resource https://rr4---sn-p5qddn7d.googlevideo.com/generate_204 was preloaded using link preload but not used within a few seconds from the window's load event. Please make sure it has an appropriate `as` value and it is preloaded intentionally.", source: https://www.youtube.com/watch?v=rgaqwFPU7cc (0)
[25914:17385281:0507/181915.382096:INFO:CONSOLE(0)] "The resource https://i.ytimg.com/generate_204 was preloaded using link preload but not used within a few seconds from the window's load event. Please make sure it has an appropriate `as` value and it is preloaded intentionally.", source: https://www.youtube.com/watch?v=rgaqwFPU7cc (0)
[25914:17385281:0507/181920.005529:INFO:CONSOLE(0)] "The resource https://rr4---sn-p5qddn7d.googlevideo.com/generate_204?conn2 was preloaded using link preload but not used within a few seconds from the window's load event. Please make sure it has an appropriate `as` value and it is preloaded intentionally.", source: https://www.youtube.com/watch?v=rgaqwFPU7cc (0)
[25914:17385281:0507/181920.005575:INFO:CONSOLE(0)] "The resource https://rr4---sn-p5qddn7d.googlevideo.com/generate_204 was preloaded using link preload but not used within a few seconds from the window's load event. Please make sure it has an appropriate `as` value and it is preloaded intentionally.", source: https://www.youtube.com/watch?v=rgaqwFPU7cc (0)
[25914:17385281:0507/181920.005588:INFO:CONSOLE(0)] "The resource https://i.ytimg.com/generate_204 was preloaded using link preload but not used within a few seconds from the window's load event. Please make sure it has an appropriate `as` value and it is preloaded intentionally.", source: https://www.youtube.com/watch?v=rgaqwFPU7cc (0)
[25914:17385281:0507/181931.171984:INFO:CONSOLE(15)] "found a network call of new video id", source: chrome-extension://phodlngepckggdblipffhdhkinobaiif/assets/service-worker.ts-Ced1skHI.js (15)
[25914:17385281:0507/181931.670297:INFO:CONSOLE(0)] "Access to fetch at 'https://googleads.g.doubleclick.net/pagead/viewthroughconversion/962985656/?backend=innertube&cname=1&cver=2_20250506&foc_id=pko_-a4wgz2u_DgDgd9fqA&label=followon_view&ptype=no_rmkt&random=952602148&cv_attributed=0' (redirected from 'https://www.youtube.com/pagead/viewthroughconversion/962985656/?backend=innertube&cname=1&cver=2_20250506&foc_id=pko_-a4wgz2u_DgDgd9fqA&label=followon_view&ptype=no_rmkt&random=952602148') from origin 'https://www.youtube.com' has been blocked by CORS policy: No 'Access-Control-Allow-Origin' header is present on the requested resource. If an opaque response serves your needs, set the request's mode to 'no-cors' to fetch the resource with CORS disabled.", source: https://www.youtube.com/watch?v=rgaqwFPU7cc (0)
[25914:17385281:0507/181937.005928:INFO:CONSOLE(0)] "The resource https://rr4---sn-p5qddn7d.googlevideo.com/generate_204?conn2 was preloaded using link preload but not used within a few seconds from the window's load event. Please make sure it has an appropriate `as` value and it is preloaded intentionally.", source: https://www.youtube.com/watch?v=rgaqwFPU7cc (0)
[25914:17385281:0507/181937.005977:INFO:CONSOLE(0)] "The resource https://rr4---sn-p5qddn7d.googlevideo.com/generate_204 was preloaded using link preload but not used within a few seconds from the window's load event. Please make sure it has an appropriate `as` value and it is preloaded intentionally.", source: https://www.youtube.com/watch?v=rgaqwFPU7cc (0)
[25914:17385281:0507/181937.005990:INFO:CONSOLE(0)] "The resource https://i.ytimg.com/generate_204 was preloaded using link preload but not used within a few seconds from the window's load event. Please make sure it has an appropriate `as` value and it is preloaded intentionally.", source: https://www.youtube.com/watch?v=rgaqwFPU7cc (0)
[25914:17385281:0507/181940.480443:INFO:CONSOLE(0)] "The resource https://rr4---sn-p5qddn7d.googlevideo.com/generate_204?conn2 was preloaded using link preload but not used within a few seconds from the window's load event. Please make sure it has an appropriate `as` value and it is preloaded intentionally.", source: https://www.youtube.com/watch?v=rgaqwFPU7cc (0)
[25914:17385281:0507/181940.480527:INFO:CONSOLE(0)] "The resource https://rr4---sn-p5qddn7d.googlevideo.com/generate_204 was preloaded using link preload but not used within a few seconds from the window's load event. Please make sure it has an appropriate `as` value and it is preloaded intentionally.", source: https://www.youtube.com/watch?v=rgaqwFPU7cc (0)
[25914:17385281:0507/181940.480566:INFO:CONSOLE(0)] "The resource https://i.ytimg.com/generate_204 was preloaded using link preload but not used within a few seconds from the window's load event. Please make sure it has an appropriate `as` value and it is preloaded intentionally.", source: https://www.youtube.com/watch?v=rgaqwFPU7cc (0)
[25914:17385548:0507/181944.322063:ERROR:registration_request.cc(291)] Registration response error message: DEPRECATED_ENDPOINT
[25914:17385281:0507/181947.031764:INFO:CONSOLE(0)] "The resource https://rr4---sn-p5qddn7d.googlevideo.com/generate_204?conn2 was preloaded using link preload but not used within a few seconds from the window's load event. Please make sure it has an appropriate `as` value and it is preloaded intentionally.", source: https://www.youtube.com/watch?v=rgaqwFPU7cc (0)
[25914:17385281:0507/181947.031812:INFO:CONSOLE(0)] "The resource https://rr4---sn-p5qddn7d.googlevideo.com/generate_204 was preloaded using link preload but not used within a few seconds from the window's load event. Please make sure it has an appropriate `as` value and it is preloaded intentionally.", source: https://www.youtube.com/watch?v=rgaqwFPU7cc (0)
[25914:17385281:0507/181947.031824:INFO:CONSOLE(0)] "The resource https://i.ytimg.com/generate_204 was preloaded using link preload but not used within a few seconds from the window's load event. Please make sure it has an appropriate `as` value and it is preloaded intentionally.", source: https://www.youtube.com/watch?v=rgaqwFPU7cc (0)
[25914:17385281:0507/181950.581055:INFO:CONSOLE(0)] "The resource https://rr4---sn-p5qddn7d.googlevideo.com/generate_204?conn2 was preloaded using link preload but not used within a few seconds from the window's load event. Please make sure it has an appropriate `as` value and it is preloaded intentionally.", source: https://www.youtube.com/watch?v=rgaqwFPU7cc (0)
[25914:17385281:0507/181950.581306:INFO:CONSOLE(0)] "The resource https://rr4---sn-p5qddn7d.googlevideo.com/generate_204 was preloaded using link preload but not used within a few seconds from the window's load event. Please make sure it has an appropriate `as` value and it is preloaded intentionally.", source: https://www.youtube.com/watch?v=rgaqwFPU7cc (0)
[25914:17385281:0507/181950.581341:INFO:CONSOLE(0)] "The resource https://i.ytimg.com/generate_204 was preloaded using link preload but not used within a few seconds from the window's load event. Please make sure it has an appropriate `as` value and it is preloaded intentionally.", source: https://www.youtube.com/watch?v=rgaqwFPU7cc (0)
[25914:17385281:0507/181957.105522:INFO:CONSOLE(0)] "The resource https://rr4---sn-p5qddn7d.googlevideo.com/generate_204?conn2 was preloaded using link preload but not used within a few seconds from the window's load event. Please make sure it has an appropriate `as` value and it is preloaded intentionally.", source: https://www.youtube.com/watch?v=rgaqwFPU7cc (0)
[25914:17385281:0507/181957.105582:INFO:CONSOLE(0)] "The resource https://rr4---sn-p5qddn7d.googlevideo.com/generate_204 was preloaded using link preload but not used within a few seconds from the window's load event. Please make sure it has an appropriate `as` value and it is preloaded intentionally.", source: https://www.youtube.com/watch?v=rgaqwFPU7cc (0)
[25914:17385281:0507/181957.105599:INFO:CONSOLE(0)] "The resource https://i.ytimg.com/generate_204 was preloaded using link preload but not used within a few seconds from the window's load event. Please make sure it has an appropriate `as` value and it is preloaded intentionally.", source: https://www.youtube.com/watch?v=rgaqwFPU7cc (0)
[25914:17385281:0507/182001.305622:INFO:CONSOLE(0)] "The resource https://rr4---sn-p5qddn7d.googlevideo.com/generate_204?conn2 was preloaded using link preload but not used within a few seconds from the window's load event. Please make sure it has an appropriate `as` value and it is preloaded intentionally.", source: https://www.youtube.com/watch?v=rgaqwFPU7cc (0)
[25914:17385281:0507/182001.306548:INFO:CONSOLE(0)] "The resource https://rr4---sn-p5qddn7d.googlevideo.com/generate_204 was preloaded using link preload but not used within a few seconds from the window's load event. Please make sure it has an appropriate `as` value and it is preloaded intentionally.", source: https://www.youtube.com/watch?v=rgaqwFPU7cc (0)
[25914:17385281:0507/182001.306606:INFO:CONSOLE(0)] "The resource https://i.ytimg.com/generate_204 was preloaded using link preload but not used within a few seconds from the window's load event. Please make sure it has an appropriate `as` value and it is preloaded intentionally.", source: https://www.youtube.com/watch?v=rgaqwFPU7cc (0)
[25914:17385281:0507/182007.611010:INFO:CONSOLE(0)] "The resource https://rr4---sn-p5qddn7d.googlevideo.com/generate_204?conn2 was preloaded using link preload but not used within a few seconds from the window's load event. Please make sure it has an appropriate `as` value and it is preloaded intentionally.", source: https://www.youtube.com/watch?v=rgaqwFPU7cc (0)
[25914:17385281:0507/182007.612070:INFO:CONSOLE(0)] "The resource https://rr4---sn-p5qddn7d.googlevideo.com/generate_204 was preloaded using link preload but not used within a few seconds from the window's load event. Please make sure it has an appropriate `as` value and it is preloaded intentionally.", source: https://www.youtube.com/watch?v=rgaqwFPU7cc (0)
[25914:17385281:0507/182007.612116:INFO:CONSOLE(0)] "The resource https://i.ytimg.com/generate_204 was preloaded using link preload but not used within a few seconds from the window's load event. Please make sure it has an appropriate `as` value and it is preloaded intentionally.", source: https://www.youtube.com/watch?v=rgaqwFPU7cc (0)
[25914:17385281:0507/182012.555696:INFO:CONSOLE(0)] "The resource https://rr4---sn-p5qddn7d.googlevideo.com/generate_204?conn2 was preloaded using link preload but not used within a few seconds from the window's load event. Please make sure it has an appropriate `as` value and it is preloaded intentionally.", source: https://www.youtube.com/watch?v=rgaqwFPU7cc (0)
[25914:17385281:0507/182012.555789:INFO:CONSOLE(0)] "The resource https://rr4---sn-p5qddn7d.googlevideo.com/generate_204 was preloaded using link preload but not used within a few seconds from the window's load event. Please make sure it has an appropriate `as` value and it is preloaded intentionally.", source: https://www.youtube.com/watch?v=rgaqwFPU7cc (0)
[25914:17385281:0507/182012.555811:INFO:CONSOLE(0)] "The resource https://i.ytimg.com/generate_204 was preloaded using link preload but not used within a few seconds from the window's load event. Please make sure it has an appropriate `as` value and it is preloaded intentionally.", source: https://www.youtube.com/watch?v=rgaqwFPU7cc (0)
[25914:17385281:0507/182017.413621:INFO:CONSOLE(0)] "The resource https://rr4---sn-p5qddn7d.googlevideo.com/generate_204?conn2 was preloaded using link preload but not used within a few seconds from the window's load event. Please make sure it has an appropriate `as` value and it is preloaded intentionally.", source: https://www.youtube.com/watch?v=rgaqwFPU7cc (0)
[25914:17385281:0507/182017.413769:INFO:CONSOLE(0)] "The resource https://rr4---sn-p5qddn7d.googlevideo.com/generate_204 was preloaded using link preload but not used within a few seconds from the window's load event. Please make sure it has an appropriate `as` value and it is preloaded intentionally.", source: https://www.youtube.com/watch?v=rgaqwFPU7cc (0)
[25914:17385281:0507/182017.413802:INFO:CONSOLE(0)] "The resource https://i.ytimg.com/generate_204 was preloaded using link preload but not used within a few seconds from the window's load event. Please make sure it has an appropriate `as` value and it is preloaded intentionally.", source: https://www.youtube.com/watch?v=rgaqwFPU7cc (0)
[25914:17385281:0507/182025.025702:INFO:CONSOLE(0)] "The resource https://rr4---sn-p5qddn7d.googlevideo.com/generate_204?conn2 was preloaded using link preload but not used within a few seconds from the window's load event. Please make sure it has an appropriate `as` value and it is preloaded intentionally.", source: https://www.youtube.com/watch?v=rgaqwFPU7cc (0)
[25914:17385281:0507/182025.025847:INFO:CONSOLE(0)] "The resource https://rr4---sn-p5qddn7d.googlevideo.com/generate_204 was preloaded using link preload but not used within a few seconds from the window's load event. Please make sure it has an appropriate `as` value and it is preloaded intentionally.", source: https://www.youtube.com/watch?v=rgaqwFPU7cc (0)
[25914:17385281:0507/182025.025871:INFO:CONSOLE(0)] "The resource https://i.ytimg.com/generate_204 was preloaded using link preload but not used within a few seconds from the window's load event. Please make sure it has an appropriate `as` value and it is preloaded intentionally.", source: https://www.youtube.com/watch?v=rgaqwFPU7cc (0)
[25914:17385281:0507/182034.355816:INFO:CONSOLE(0)] "The resource https://rr4---sn-p5qddn7d.googlevideo.com/generate_204?conn2 was preloaded using link preload but not used within a few seconds from the window's load event. Please make sure it has an appropriate `as` value and it is preloaded intentionally.", source: https://www.youtube.com/watch?v=rgaqwFPU7cc (0)
[25914:17385281:0507/182034.356135:INFO:CONSOLE(0)] "The resource https://rr4---sn-p5qddn7d.googlevideo.com/generate_204 was preloaded using link preload but not used within a few seconds from the window's load event. Please make sure it has an appropriate `as` value and it is preloaded intentionally.", source: https://www.youtube.com/watch?v=rgaqwFPU7cc (0)
[25914:17385281:0507/182034.356174:INFO:CONSOLE(0)] "The resource https://i.ytimg.com/generate_204 was preloaded using link preload but not used within a few seconds from the window's load event. Please make sure it has an appropriate `as` value and it is preloaded intentionally.", source: https://www.youtube.com/watch?v=rgaqwFPU7cc (0)
[25914:17385281:0507/182046.999704:INFO:CONSOLE(0)] "The resource https://rr4---sn-p5qddn7d.googlevideo.com/generate_204?conn2 was preloaded using link preload but not used within a few seconds from the window's load event. Please make sure it has an appropriate `as` value and it is preloaded intentionally.", source: https://www.youtube.com/watch?v=rgaqwFPU7cc (0)
[25914:17385281:0507/182046.999937:INFO:CONSOLE(0)] "The resource https://rr4---sn-p5qddn7d.googlevideo.com/generate_204 was preloaded using link preload but not used within a few seconds from the window's load event. Please make sure it has an appropriate `as` value and it is preloaded intentionally.", source: https://www.youtube.com/watch?v=rgaqwFPU7cc (0)
[25914:17385281:0507/182046.999967:INFO:CONSOLE(0)] "The resource https://i.ytimg.com/generate_204 was preloaded using link preload but not used within a few seconds from the window's load event. Please make sure it has an appropriate `as` value and it is preloaded intentionally.", source: https://www.youtube.com/watch?v=rgaqwFPU7cc (0)
