[25618:17383636:0507/181809.418170:INFO:chrome_browser_cloud_management_controller.cc(202)] No machine level policy manager exists.
[25618:17383636:0507/181810.846107:INFO:CONSOLE(15)] "Service Worker Loaded", source: chrome-extension://phodlngepckggdblipffhdhkinobaiif/assets/service-worker.ts-Ced1skHI.js (15)
[25618:17383636:0507/181812.259097:INFO:CONSOLE(376)] "%c%s color: red; background: yellow; font-size: 24px; WARNING!", source: https://www.gstatic.com/_/mss/boq-identity/_/js/k=boq-identity.AccountSettingsUi.en.07DG8gQy580.2019.O/am=AwFgMA3Bt0SRKbz9smcWYGDM889qYZMAIEAAEgAAAQAI/d=1/excm=_b,_tp,googleaccounthomeview/ed=1/dg=0/wt=2/ujg=1/rs=AOaEmlGhdQg5VkZ5__4MvLxiQyz6S32tUQ/m=_b,_tp (376)
[25618:17383636:0507/181812.259140:INFO:CONSOLE(376)] "%c%s font-size: 18px; Using this console may allow attackers to impersonate you and steal your information using an attack called Self-XSS.
Do not enter or paste code that you do not understand.", source: https://www.gstatic.com/_/mss/boq-identity/_/js/k=boq-identity.AccountSettingsUi.en.07DG8gQy580.2019.O/am=AwFgMA3Bt0SRKbz9smcWYGDM889qYZMAIEAAEgAAAQAI/d=1/excm=_b,_tp,googleaccounthomeview/ed=1/dg=0/wt=2/ujg=1/rs=AOaEmlGhdQg5VkZ5__4MvLxiQyz6S32tUQ/m=_b,_tp (376)
[25618:17383636:0507/181812.849774:INFO:CONSOLE(266)] "Unknown RPC service: _noop_echo", source: https://apis.google.com/_/scs/abc-static/_/js/k=gapi.gapi.en.F939Du45chc.O/m=gapi_iframes,googleapis_client/rt=j/sv=1/d=1/ed=1/rs=AHpOoo8uI5v7Xlp-b-Z4Th_hAAVtm2lZOw/cb=gapi.loaded_0 (266)
[25618:17383794:0507/181816.445557:ERROR:registration_request.cc(291)] Registration response error message: DEPRECATED_ENDPOINT
[25618:17383636:0507/181819.048919:INFO:CONSOLE(1)] "Content script loaded.", source: chrome-extension://phodlngepckggdblipffhdhkinobaiif/assets/content-scrpt.ts-CkVjJaS6.js (1)
[25618:17383636:0507/181819.292542:INFO:CONSOLE(9593)] "LegacyDataMixin will be applied to all legacy elements.
Set `_legacyUndefinedCheck: true` on element class to enable.", source: https://www.youtube.com/s/_/ytmainappweb/_/js/k=ytmainappweb.kevlar_base.en_US.vAn3DADFU-I.es5.O/d=0/br=1/rs=AGKMywG-rHD18OWTr6RXlMPqZxijbj_HLA (9593)
[25618:17383636:0507/181820.424455:INFO:CONSOLE(0)] "Banner not shown: beforeinstallpromptevent.preventDefault() called. The page must call beforeinstallpromptevent.prompt() to show the banner.", source: https://www.youtube.com/watch?v=rgaqwFPU7cc (0)
[25618:17383636:0507/181820.836666:INFO:CONSOLE(15)] "found a network call of new video id", source: chrome-extension://phodlngepckggdblipffhdhkinobaiif/assets/service-worker.ts-Ced1skHI.js (15)
[25618:17383636:0507/181822.161905:INFO:CONSOLE(0)] "Access to fetch at 'https://googleads.g.doubleclick.net/pagead/viewthroughconversion/962985656/?backend=innertube&cname=1&cver=2_20250506&foc_id=pko_-a4wgz2u_DgDgd9fqA&label=followon_view&ptype=no_rmkt&random=962248901&cv_attributed=0' (redirected from 'https://www.youtube.com/pagead/viewthroughconversion/962985656/?backend=innertube&cname=1&cver=2_20250506&foc_id=pko_-a4wgz2u_DgDgd9fqA&label=followon_view&ptype=no_rmkt&random=962248901') from origin 'https://www.youtube.com' has been blocked by CORS policy: No 'Access-Control-Allow-Origin' header is present on the requested resource. If an opaque response serves your needs, set the request's mode to 'no-cors' to fetch the resource with CORS disabled.", source: https://www.youtube.com/watch?v=rgaqwFPU7cc (0)
[25618:17383636:0507/181822.440247:WARNING:capture_device_ranking.h(255)] Can't initialize the value of media.audio_input.user_preference_ranking because media.default_audio_capture_device isn't registered or is empty
[25618:17383636:0507/181822.440280:WARNING:capture_device_ranking.h(255)] Can't initialize the value of media.video_input.user_preference_ranking because media.default_video_capture_Device isn't registered or is empty
[25618:17383636:0507/181823.459787:INFO:CONSOLE(0)] "requestStorageAccessFor: Permission denied.", source: https://www.youtube.com/watch?v=rgaqwFPU7cc (0)
[25618:17383636:0507/181823.459890:INFO:CONSOLE(0)] "requestStorageAccessFor: Permission denied.", source: https://www.youtube.com/watch?v=rgaqwFPU7cc (0)
[25618:17383636:0507/181823.459925:INFO:CONSOLE(0)] "requestStorageAccessFor: Permission denied.", source: https://www.youtube.com/watch?v=rgaqwFPU7cc (0)
[25618:17383636:0507/181825.854313:INFO:CONSOLE(0)] "The resource https://rr4---sn-p5qddn7d.googlevideo.com/generate_204?conn2 was preloaded using link preload but not used within a few seconds from the window's load event. Please make sure it has an appropriate `as` value and it is preloaded intentionally.", source: https://www.youtube.com/watch?v=rgaqwFPU7cc (0)
[25618:17383636:0507/181825.854527:INFO:CONSOLE(0)] "The resource https://rr4---sn-p5qddn7d.googlevideo.com/generate_204 was preloaded using link preload but not used within a few seconds from the window's load event. Please make sure it has an appropriate `as` value and it is preloaded intentionally.", source: https://www.youtube.com/watch?v=rgaqwFPU7cc (0)
[25618:17383636:0507/181825.854541:INFO:CONSOLE(0)] "The resource https://i.ytimg.com/generate_204 was preloaded using link preload but not used within a few seconds from the window's load event. Please make sure it has an appropriate `as` value and it is preloaded intentionally.", source: https://www.youtube.com/watch?v=rgaqwFPU7cc (0)
[25618:17383636:0507/181832.429337:INFO:CONSOLE(0)] "The resource https://rr4---sn-p5qddn7d.googlevideo.com/generate_204?conn2 was preloaded using link preload but not used within a few seconds from the window's load event. Please make sure it has an appropriate `as` value and it is preloaded intentionally.", source: https://www.youtube.com/watch?v=rgaqwFPU7cc (0)
[25618:17383636:0507/181832.429616:INFO:CONSOLE(0)] "The resource https://rr4---sn-p5qddn7d.googlevideo.com/generate_204 was preloaded using link preload but not used within a few seconds from the window's load event. Please make sure it has an appropriate `as` value and it is preloaded intentionally.", source: https://www.youtube.com/watch?v=rgaqwFPU7cc (0)
[25618:17383636:0507/181832.429656:INFO:CONSOLE(0)] "The resource https://i.ytimg.com/generate_204 was preloaded using link preload but not used within a few seconds from the window's load event. Please make sure it has an appropriate `as` value and it is preloaded intentionally.", source: https://www.youtube.com/watch?v=rgaqwFPU7cc (0)
[25618:17383789:0507/181839.464620:INFO:extension_garbage_collector.cc(183)] Garbage collection for extensions on file thread is complete.
[25618:17383636:0507/181842.383059:INFO:CONSOLE(0)] "The resource https://rr4---sn-p5qddn7d.googlevideo.com/generate_204?conn2 was preloaded using link preload but not used within a few seconds from the window's load event. Please make sure it has an appropriate `as` value and it is preloaded intentionally.", source: https://www.youtube.com/watch?v=rgaqwFPU7cc (0)
[25618:17383636:0507/181842.383113:INFO:CONSOLE(0)] "The resource https://rr4---sn-p5qddn7d.googlevideo.com/generate_204 was preloaded using link preload but not used within a few seconds from the window's load event. Please make sure it has an appropriate `as` value and it is preloaded intentionally.", source: https://www.youtube.com/watch?v=rgaqwFPU7cc (0)
[25618:17383636:0507/181842.383131:INFO:CONSOLE(0)] "The resource https://i.ytimg.com/generate_204 was preloaded using link preload but not used within a few seconds from the window's load event. Please make sure it has an appropriate `as` value and it is preloaded intentionally.", source: https://www.youtube.com/watch?v=rgaqwFPU7cc (0)
[25618:17383794:0507/181844.998342:ERROR:registration_request.cc(291)] Registration response error message: DEPRECATED_ENDPOINT
[25618:17383636:0507/181856.105936:INFO:CONSOLE(0)] "The resource https://rr4---sn-p5qddn7d.googlevideo.com/generate_204?conn2 was preloaded using link preload but not used within a few seconds from the window's load event. Please make sure it has an appropriate `as` value and it is preloaded intentionally.", source: https://www.youtube.com/watch?v=rgaqwFPU7cc (0)
[25618:17383636:0507/181856.106180:INFO:CONSOLE(0)] "The resource https://rr4---sn-p5qddn7d.googlevideo.com/generate_204 was preloaded using link preload but not used within a few seconds from the window's load event. Please make sure it has an appropriate `as` value and it is preloaded intentionally.", source: https://www.youtube.com/watch?v=rgaqwFPU7cc (0)
[25618:17383636:0507/181856.106211:INFO:CONSOLE(0)] "The resource https://i.ytimg.com/generate_204 was preloaded using link preload but not used within a few seconds from the window's load event. Please make sure it has an appropriate `as` value and it is preloaded intentionally.", source: https://www.youtube.com/watch?v=rgaqwFPU7cc (0)
[25618:17383794:0507/181944.011825:ERROR:registration_request.cc(291)] Registration response error message: DEPRECATED_ENDPOINT
[25618:17383636:0507/182038.750935:INFO:CONSOLE(15)] "Service Worker Loaded", source: chrome-extension://phodlngepckggdblipffhdhkinobaiif/assets/service-worker.ts-Ced1skHI.js (15)
[25618:17383636:0507/182041.980182:INFO:CONSOLE(0)] "The resource https://rr4---sn-p5qddn7d.googlevideo.com/generate_204?conn2 was preloaded using link preload but not used within a few seconds from the window's load event. Please make sure it has an appropriate `as` value and it is preloaded intentionally.", source: https://www.youtube.com/watch?v=rgaqwFPU7cc (0)
[25618:17383636:0507/182041.980225:INFO:CONSOLE(0)] "The resource https://rr4---sn-p5qddn7d.googlevideo.com/generate_204 was preloaded using link preload but not used within a few seconds from the window's load event. Please make sure it has an appropriate `as` value and it is preloaded intentionally.", source: https://www.youtube.com/watch?v=rgaqwFPU7cc (0)
[25618:17383636:0507/182041.980237:INFO:CONSOLE(0)] "The resource https://i.ytimg.com/generate_204 was preloaded using link preload but not used within a few seconds from the window's load event. Please make sure it has an appropriate `as` value and it is preloaded intentionally.", source: https://www.youtube.com/watch?v=rgaqwFPU7cc (0)
