[26225:17387160:0507/181826.300091:INFO:chrome_browser_cloud_management_controller.cc(202)] No machine level policy manager exists.
[26225:17387160:0507/181829.011594:INFO:CONSOLE(15)] "Service Worker Loaded", source: chrome-extension://phodlngepckggdblipffhdhkinobaiif/assets/service-worker.ts-Ced1skHI.js (15)
[26225:17387481:0507/181830.944638:ERROR:registration_request.cc(291)] Registration response error message: DEPRECATED_ENDPOINT
[26225:17387160:0507/181831.688064:INFO:CONSOLE(376)] "%c%s color: red; background: yellow; font-size: 24px; WARNING!", source: https://www.gstatic.com/_/mss/boq-identity/_/js/k=boq-identity.AccountSettingsUi.en.07DG8gQy580.2019.O/am=AwFgMA3Bt0SRKbz9smcWYGDM889qYZMAIEAAEgAAAQII/d=1/excm=_b,_tp,googleaccounthomeview/ed=1/dg=0/wt=2/ujg=1/rs=AOaEmlGpRj14fXq1NOVhCusxAXVVje4big/m=_b,_tp (376)
[26225:17387160:0507/181831.688104:INFO:CONSOLE(376)] "%c%s font-size: 18px; Using this console may allow attackers to impersonate you and steal your information using an attack called Self-XSS.
Do not enter or paste code that you do not understand.", source: https://www.gstatic.com/_/mss/boq-identity/_/js/k=boq-identity.AccountSettingsUi.en.07DG8gQy580.2019.O/am=AwFgMA3Bt0SRKbz9smcWYGDM889qYZMAIEAAEgAAAQII/d=1/excm=_b,_tp,googleaccounthomeview/ed=1/dg=0/wt=2/ujg=1/rs=AOaEmlGpRj14fXq1NOVhCusxAXVVje4big/m=_b,_tp (376)
[26225:17387160:0507/181831.828269:INFO:CONSOLE(128)] "Slow network is detected. See https://www.chromestatus.com/feature/5636954674692096 for more details. Fallback font will be used while loading: https://fonts.gstatic.com/s/googlesans/v58/4UaRrENHsxJlGDuGo1OIlJfC6l_24rlCK1Yo_Iq2vgCIhM907w.woff2", source: https://myaccount.google.com/ (128)
[26225:17387160:0507/181831.828372:INFO:CONSOLE(128)] "Slow network is detected. See https://www.chromestatus.com/feature/5636954674692096 for more details. Fallback font will be used while loading: https://fonts.gstatic.com/s/productsans/v9/pxiDypQkot1TnFhsFMOfGShVF9eOYktMqg.woff2", source: https://myaccount.google.com/ (128)
[26225:17387160:0507/181831.828390:INFO:CONSOLE(128)] "Slow network is detected. See https://www.chromestatus.com/feature/5636954674692096 for more details. Fallback font will be used while loading: https://fonts.gstatic.com/s/googlematerialicons/v143/Gw6kwdfw6UnXLJCcmafZyFRXb3BL9rvi0QZG3Sy7X00.woff2", source: https://myaccount.google.com/ (128)
[26225:17387160:0507/181831.828401:INFO:CONSOLE(128)] "Slow network is detected. See https://www.chromestatus.com/feature/5636954674692096 for more details. Fallback font will be used while loading: https://fonts.gstatic.com/s/roboto/v18/KFOmCnqEu92Fr1Mu4mxKKTU1Kg.woff2", source: https://myaccount.google.com/ (128)
[26225:17387160:0507/181836.516126:INFO:CONSOLE(29)] "Slow network is detected. See https://www.chromestatus.com/feature/5636954674692096 for more details. Fallback font will be used while loading: https://fonts.gstatic.com/s/roboto/v18/KFOmCnqEu92Fr1Mu4mxKKTU1Kg.woff2", source: https://ogs.google.com/u/0/widget/app?eom=1&awwd=1&gdafe=1&origin=https%3A%2F%2Fmyaccount.google.com&cn=app&pid=269&spid=192&hl=en (29)
[26225:17387160:0507/181836.522021:INFO:CONSOLE(29)] "Slow network is detected. See https://www.chromestatus.com/feature/5636954674692096 for more details. Fallback font will be used while loading: https://fonts.gstatic.com/s/googlesans/v62/4UaRrENHsxJlGDuGo1OIlJfC6l_24rlCK1Yo_Iq2vgCIhM907w.woff2", source: https://ogs.google.com/u/0/widget/app?eom=1&awwd=1&gdafe=1&origin=https%3A%2F%2Fmyaccount.google.com&cn=app&pid=269&spid=192&hl=en (29)
[26225:17387160:0507/181840.181779:INFO:CONSOLE(1)] "Content script loaded.", source: chrome-extension://phodlngepckggdblipffhdhkinobaiif/assets/content-scrpt.ts-BKebe--7.js (1)
[26225:17387160:0507/181841.297469:INFO:CONSOLE(9593)] "LegacyDataMixin will be applied to all legacy elements.
Set `_legacyUndefinedCheck: true` on element class to enable.", source: https://www.youtube.com/s/_/ytmainappweb/_/js/k=ytmainappweb.kevlar_base.en_US.vAn3DADFU-I.es5.O/d=0/br=1/rs=AGKMywG-rHD18OWTr6RXlMPqZxijbj_HLA (9593)
[26225:17387160:0507/181844.442556:INFO:CONSOLE(1)] "Content script loaded.", source: chrome-extension://phodlngepckggdblipffhdhkinobaiif/assets/content-scrpt.ts-BKebe--7.js (1)
[26225:17387160:0507/181846.064143:INFO:CONSOLE(9594)] "LegacyDataMixin will be applied to all legacy elements.
Set `_legacyUndefinedCheck: true` on element class to enable.", source: https://www.youtube.com/s/_/ytmainappweb/_/js/k=ytmainappweb.kevlar_base.en_US.rYRpLvdpiFY.es5.O/d=0/br=1/rs=AGKMywHlwyLFLcBmquzOBVhkinWU5t-_cA (9594)
[26225:17387160:0507/181846.242286:INFO:CONSOLE(0)] "Banner not shown: beforeinstallpromptevent.preventDefault() called. The page must call beforeinstallpromptevent.prompt() to show the banner.", source: https://www.youtube.com/watch?reload=9&v=rgaqwFPU7cc (0)
[26225:17387160:0507/181846.860235:WARNING:capture_device_ranking.h(255)] Can't initialize the value of media.audio_input.user_preference_ranking because media.default_audio_capture_device isn't registered or is empty
[26225:17387160:0507/181846.860438:WARNING:capture_device_ranking.h(255)] Can't initialize the value of media.video_input.user_preference_ranking because media.default_video_capture_Device isn't registered or is empty
[26225:17387160:0507/181847.216945:INFO:CONSOLE(15)] "found a network call of new video id", source: chrome-extension://phodlngepckggdblipffhdhkinobaiif/assets/service-worker.ts-Ced1skHI.js (15)
[26225:17387160:0507/181847.216986:INFO:CONSOLE(15)] "the video id is an AD id: 4KUU-zMz0j4", source: chrome-extension://phodlngepckggdblipffhdhkinobaiif/assets/service-worker.ts-Ced1skHI.js (15)
[26225:17387160:0507/181847.217008:INFO:CONSOLE(15)] "subtitles are : ", source: chrome-extension://phodlngepckggdblipffhdhkinobaiif/assets/service-worker.ts-Ced1skHI.js (15)
[26225:17387160:0507/181850.361185:INFO:CONSOLE(1)] "New ad detected:", source: chrome-extension://phodlngepckggdblipffhdhkinobaiif/assets/content-scrpt.ts-BKebe--7.js (1)
[26225:17387160:0507/181850.361284:INFO:CONSOLE(1)] "Video ID: 4KUU-zMz0j4", source: chrome-extension://phodlngepckggdblipffhdhkinobaiif/assets/content-scrpt.ts-BKebe--7.js (1)
[26225:17387160:0507/181850.361356:INFO:CONSOLE(1)] "Processing ad video ID: 4KUU-zMz0j4 ", source: chrome-extension://phodlngepckggdblipffhdhkinobaiif/assets/content-scrpt.ts-BKebe--7.js (1)
[26225:17387160:0507/181850.361745:INFO:CONSOLE(1)] "[object HTMLButtonElement]", source: chrome-extension://phodlngepckggdblipffhdhkinobaiif/assets/content-scrpt.ts-BKebe--7.js (1)
[26225:17387160:0507/181850.378399:INFO:CONSOLE(0)] "requestStorageAccessFor: Permission denied.", source: https://www.youtube.com/watch?v=rgaqwFPU7cc (0)
[26225:17387160:0507/181850.378474:INFO:CONSOLE(0)] "requestStorageAccessFor: Must be handling a user gesture to use.", source: https://www.youtube.com/watch?v=rgaqwFPU7cc (0)
[26225:17387160:0507/181850.378487:INFO:CONSOLE(0)] "requestStorageAccessFor: Must be handling a user gesture to use.", source: https://www.youtube.com/watch?v=rgaqwFPU7cc (0)
[26225:17387160:0507/181850.378496:INFO:CONSOLE(0)] "requestStorageAccessFor: Must be handling a user gesture to use.", source: https://www.youtube.com/watch?v=rgaqwFPU7cc (0)
[26225:17387160:0507/181850.383951:INFO:CONSOLE(0)] "requestStorageAccessFor: Permission denied.", source: https://www.youtube.com/watch?v=rgaqwFPU7cc (0)
[26225:17387160:0507/181850.384032:INFO:CONSOLE(0)] "requestStorageAccessFor: Permission denied.", source: https://www.youtube.com/watch?v=rgaqwFPU7cc (0)
