[26361:17387652:0507/181827.492893:INFO:chrome_browser_cloud_management_controller.cc(202)] No machine level policy manager exists.
[26361:17387652:0507/181829.024689:INFO:CONSOLE(15)] "Service Worker Loaded", source: chrome-extension://phodlngepckggdblipffhdhkinobaiif/assets/service-worker.ts-Ced1skHI.js (15)
[26361:17387652:0507/181834.424872:INFO:CONSOLE(376)] "%c%s color: red; background: yellow; font-size: 24px; WARNING!", source: https://www.gstatic.com/_/mss/boq-identity/_/js/k=boq-identity.AccountSettingsUi.en.07DG8gQy580.2019.O/am=AwFgMA3Bt0SRKbz9smcWYGDM889qYZMAIEAAEgAAAQII/d=1/excm=_b,_tp,googleaccounthomeview/ed=1/dg=0/wt=2/ujg=1/rs=AOaEmlGpRj14fXq1NOVhCusxAXVVje4big/m=_b,_tp (376)
[26361:17387652:0507/181834.425080:INFO:CONSOLE(376)] "%c%s font-size: 18px; Using this console may allow attackers to impersonate you and steal your information using an attack called Self-XSS.
Do not enter or paste code that you do not understand.", source: https://www.gstatic.com/_/mss/boq-identity/_/js/k=boq-identity.AccountSettingsUi.en.07DG8gQy580.2019.O/am=AwFgMA3Bt0SRKbz9smcWYGDM889qYZMAIEAAEgAAAQII/d=1/excm=_b,_tp,googleaccounthomeview/ed=1/dg=0/wt=2/ujg=1/rs=AOaEmlGpRj14fXq1NOVhCusxAXVVje4big/m=_b,_tp (376)
[26361:17387652:0507/181834.653636:INFO:CONSOLE(76)] "Slow network is detected. See https://www.chromestatus.com/feature/5636954674692096 for more details. Fallback font will be used while loading: https://fonts.gstatic.com/s/googlesans/v58/4UaRrENHsxJlGDuGo1OIlJfC6l_24rlCK1Yo_Iq2vgCIhM907w.woff2", source: https://myaccount.google.com/ (76)
[26361:17387652:0507/181834.653674:INFO:CONSOLE(76)] "Slow network is detected. See https://www.chromestatus.com/feature/5636954674692096 for more details. Fallback font will be used while loading: https://fonts.gstatic.com/s/productsans/v9/pxiDypQkot1TnFhsFMOfGShVF9eOYktMqg.woff2", source: https://myaccount.google.com/ (76)
[26361:17387652:0507/181834.659541:INFO:CONSOLE(76)] "Slow network is detected. See https://www.chromestatus.com/feature/5636954674692096 for more details. Fallback font will be used while loading: https://fonts.gstatic.com/s/roboto/v18/KFOmCnqEu92Fr1Mu4mxKKTU1Kg.woff2", source: https://myaccount.google.com/ (76)
[26361:17387652:0507/181834.665801:INFO:CONSOLE(214)] "Slow network is detected. See https://www.chromestatus.com/feature/5636954674692096 for more details. Fallback font will be used while loading: https://fonts.gstatic.com/s/googlematerialicons/v143/Gw6kwdfw6UnXLJCcmafZyFRXb3BL9rvi0QZG3Sy7X00.woff2", source: https://myaccount.google.com/ (214)
[26361:17387652:0507/181838.022966:INFO:CONSOLE(266)] "Unknown RPC service: _noop_echo", source: https://apis.google.com/_/scs/abc-static/_/js/k=gapi.gapi.en.F939Du45chc.O/m=gapi_iframes,googleapis_client/rt=j/sv=1/d=1/ed=1/rs=AHpOoo8uI5v7Xlp-b-Z4Th_hAAVtm2lZOw/cb=gapi.loaded_0 (266)
[26361:17387839:0507/181841.383057:ERROR:registration_request.cc(291)] Registration response error message: DEPRECATED_ENDPOINT
[26361:17387652:0507/181845.461793:INFO:CONSOLE(1)] "Content script loaded.", source: chrome-extension://phodlngepckggdblipffhdhkinobaiif/assets/content-scrpt.ts-BT_G-r10.js (1)
[26361:17387652:0507/181846.480132:INFO:CONSOLE(9593)] "LegacyDataMixin will be applied to all legacy elements.
Set `_legacyUndefinedCheck: true` on element class to enable.", source: https://www.youtube.com/s/_/ytmainappweb/_/js/k=ytmainappweb.kevlar_base.en_US.vAn3DADFU-I.es5.O/d=0/br=1/rs=AGKMywG-rHD18OWTr6RXlMPqZxijbj_HLA (9593)
[26361:17387652:0507/181847.887603:WARNING:capture_device_ranking.h(255)] Can't initialize the value of media.audio_input.user_preference_ranking because media.default_audio_capture_device isn't registered or is empty
[26361:17387652:0507/181847.887641:WARNING:capture_device_ranking.h(255)] Can't initialize the value of media.video_input.user_preference_ranking because media.default_video_capture_Device isn't registered or is empty
[26361:17387652:0507/181849.776893:INFO:CONSOLE(15)] "found a network call of new video id", source: chrome-extension://phodlngepckggdblipffhdhkinobaiif/assets/service-worker.ts-Ced1skHI.js (15)
[26361:17387652:0507/181849.777014:INFO:CONSOLE(15)] "the video id is an AD id: nLcworPuiws", source: chrome-extension://phodlngepckggdblipffhdhkinobaiif/assets/service-worker.ts-Ced1skHI.js (15)
[26361:17387652:0507/181849.777035:INFO:CONSOLE(15)] "subtitles are : ", source: chrome-extension://phodlngepckggdblipffhdhkinobaiif/assets/service-worker.ts-Ced1skHI.js (15)
[26361:17387652:0507/181850.241526:INFO:CONSOLE(0)] "Banner not shown: beforeinstallpromptevent.preventDefault() called. The page must call beforeinstallpromptevent.prompt() to show the banner.", source: https://www.youtube.com/watch?v=rgaqwFPU7cc (0)
[26361:17387652:0507/181850.820561:INFO:CONSOLE(15)] "Error fetching transcript: Error: [YoutubeTranscript] 🚨 Transcript is disabled on this video (nLcworPuiws)", source: chrome-extension://phodlngepckggdblipffhdhkinobaiif/assets/service-worker.ts-Ced1skHI.js (15)
[26361:17387652:0507/181850.822736:INFO:CONSOLE(1)] "New ad detected:", source: chrome-extension://phodlngepckggdblipffhdhkinobaiif/assets/content-scrpt.ts-BT_G-r10.js (1)
[26361:17387652:0507/181850.822932:INFO:CONSOLE(1)] "Video ID: nLcworPuiws", source: chrome-extension://phodlngepckggdblipffhdhkinobaiif/assets/content-scrpt.ts-BT_G-r10.js (1)
[26361:17387652:0507/181850.822986:INFO:CONSOLE(1)] "Processing ad video ID: nLcworPuiws ", source: chrome-extension://phodlngepckggdblipffhdhkinobaiif/assets/content-scrpt.ts-BT_G-r10.js (1)
[26361:17387652:0507/181850.823208:INFO:CONSOLE(1)] "[object HTMLButtonElement]", source: chrome-extension://phodlngepckggdblipffhdhkinobaiif/assets/content-scrpt.ts-BT_G-r10.js (1)
[26361:17387652:0507/181850.854570:INFO:CONSOLE(0)] "requestStorageAccessFor: Permission denied.", source: https://www.youtube.com/watch?v=rgaqwFPU7cc (0)
[26361:17387652:0507/181850.854605:INFO:CONSOLE(0)] "requestStorageAccessFor: Must be handling a user gesture to use.", source: https://www.youtube.com/watch?v=rgaqwFPU7cc (0)
[26361:17387652:0507/181850.854627:INFO:CONSOLE(0)] "requestStorageAccessFor: Must be handling a user gesture to use.", source: https://www.youtube.com/watch?v=rgaqwFPU7cc (0)
[26361:17387652:0507/181850.854634:INFO:CONSOLE(0)] "requestStorageAccessFor: Must be handling a user gesture to use.", source: https://www.youtube.com/watch?v=rgaqwFPU7cc (0)
[26361:17387652:0507/181850.885284:INFO:CONSOLE(0)] "requestStorageAccessFor: Permission denied.", source: https://www.youtube.com/watch?v=rgaqwFPU7cc (0)
[26361:17387652:0507/181850.885492:INFO:CONSOLE(0)] "requestStorageAccessFor: Permission denied.", source: https://www.youtube.com/watch?v=rgaqwFPU7cc (0)
[26361:17387652:0507/181853.817120:INFO:CONSOLE(0)] "The resource https://rr4---sn-p5qddn7d.googlevideo.com/generate_204?conn2 was preloaded using link preload but not used within a few seconds from the window's load event. Please make sure it has an appropriate `as` value and it is preloaded intentionally.", source: https://www.youtube.com/watch?v=rgaqwFPU7cc (0)
[26361:17387652:0507/181853.817348:INFO:CONSOLE(0)] "The resource https://rr4---sn-p5qddn7d.googlevideo.com/generate_204 was preloaded using link preload but not used within a few seconds from the window's load event. Please make sure it has an appropriate `as` value and it is preloaded intentionally.", source: https://www.youtube.com/watch?v=rgaqwFPU7cc (0)
[26361:17387652:0507/181853.817363:INFO:CONSOLE(0)] "The resource https://i.ytimg.com/generate_204 was preloaded using link preload but not used within a few seconds from the window's load event. Please make sure it has an appropriate `as` value and it is preloaded intentionally.", source: https://www.youtube.com/watch?v=rgaqwFPU7cc (0)
[26361:17387652:0507/181853.840163:INFO:CONSOLE(1)] "Clicking the ad button", source: chrome-extension://phodlngepckggdblipffhdhkinobaiif/assets/content-scrpt.ts-BT_G-r10.js (1)
[26361:17387652:0507/181855.023171:INFO:CONSOLE(438)] "[Report Only] Refused to load the script 'https://www.google.com/js/bg/757zfxS3p6XfHsxFYkOZ7kSJWqDt54kVSfVCQL75cNA.js' because it violates the following Content Security Policy directive: "script-src 'unsafe-inline' 'unsafe-eval' blob: data: https://www.gstatic.com/_/mss/boq-one-google/_/ https://www.gstatic.com/og/_/js/ https://apis.google.com/js/api.js https://apis.google.com/js/client.js https://www.google.com/tools/feedback/load.js https://www.google.com/tools/feedback/open.js https://www.google.com/tools/feedback/open_to_help_guide_lazy.js https://www.google.com/tools/feedback/help_api.js https://www.gstatic.com/inproduct_help/service/lazy.min.js https://www.gstatic.com/inproduct_help/api/main.min.js https://www.gstatic.com/inproduct_help/chatsupport/chatsupport_button_v2.js https://www.gstatic.com/feedback/js/help/prod/service/lazy.min.js https://www.gstatic.com/uservoice/feedback/client/web/live/ https://www.google.com/tools/feedback/chat_load.js https://www.gstatic.com/uservoice/surveys/resources/prod/js/survey/ https://www.gstatic.com/feedback/js/ghelp/ https://www.googletagmanager.com/gtag/js https://www.google-analytics.com/analytics.js https://www.googletagmanager.com/gtag/destination https://www.gstatic.com/_/mss/boq-ads-privacy-consumer-frontend/_/js/k=boq-ads-privacy-consumer-frontend.AboutThisAdYouTubeUi.en.aNpZptsf5ko.es5.O/ https://apis.google.com/_/scs/abc-static/_/js/". Note that 'script-src-elem' was not explicitly set, so 'script-src' is used as a fallback.
", source: https://www.gstatic.com/og/_/js/k=og.qtm.en_US.jS_CZIDYjaI.2019.O/rt=j/m=qgl,q_dnp,qmd,qcwid,qbd,qapid,qads,q_dg,qrbg/exm=qaaw,qabr,qadd,qaid,qalo,qebr,qein,qhaw,qhawgm3,qhba,qhbr,qhbrgm3,qhch,qhchgm3,qhga,qhid,qhidgm3,qhin,qhlo,qhlogm3,qhmn,qhpc,qhsf,qhsfgm3,qhtt/d=1/ed=1/rs=AA2YrTsB9Qz4OH5RFhAQLL8W1kIQz_J3Rg (438)
[26361:17387652:0507/181855.613441:WARNING:capture_device_ranking.h(255)] Can't initialize the value of media.audio_input.user_preference_ranking because media.default_audio_capture_device isn't registered or is empty
[26361:17387652:0507/181855.613475:WARNING:capture_device_ranking.h(255)] Can't initialize the value of media.video_input.user_preference_ranking because media.default_video_capture_Device isn't registered or is empty
[26361:17387652:0507/181856.827711:INFO:CONSOLE(1)] "Clicking the ad button", source: chrome-extension://phodlngepckggdblipffhdhkinobaiif/assets/content-scrpt.ts-BT_G-r10.js (1)
[26361:17387835:0507/181857.685413:INFO:extension_garbage_collector.cc(183)] Garbage collection for extensions on file thread is complete.
[26361:17387652:0507/181858.246753:INFO:CONSOLE(1)] "[object Object]", source: chrome-extension://phodlngepckggdblipffhdhkinobaiif/assets/content-scrpt.ts-BT_G-r10.js (1)
[26361:17387652:0507/181858.246872:INFO:CONSOLE(1)] "[object Object]", source: chrome-extension://phodlngepckggdblipffhdhkinobaiif/assets/content-scrpt.ts-BT_G-r10.js (1)
[26361:17387652:0507/181858.682517:INFO:CONSOLE(1)] "Ad added to db", source: chrome-extension://phodlngepckggdblipffhdhkinobaiif/assets/content-scrpt.ts-BT_G-r10.js (1)
[26361:17387652:0507/181858.682707:INFO:CONSOLE(1)] "[object Object]", source: chrome-extension://phodlngepckggdblipffhdhkinobaiif/assets/content-scrpt.ts-BT_G-r10.js (1)
[26361:17387652:0507/181900.933612:INFO:CONSOLE(1)] "[object Object]", source: chrome-extension://phodlngepckggdblipffhdhkinobaiif/assets/content-scrpt.ts-BT_G-r10.js (1)
[26361:17387652:0507/181900.933889:INFO:CONSOLE(1)] "[object Object]", source: chrome-extension://phodlngepckggdblipffhdhkinobaiif/assets/content-scrpt.ts-BT_G-r10.js (1)
[26361:17387652:0507/181901.218299:INFO:CONSOLE(1)] "[object Object]", source: chrome-extension://phodlngepckggdblipffhdhkinobaiif/assets/content-scrpt.ts-BT_G-r10.js (1)
[26361:17387652:0507/181901.218393:INFO:CONSOLE(1)] "[object Object]", source: chrome-extension://phodlngepckggdblipffhdhkinobaiif/assets/content-scrpt.ts-BT_G-r10.js (1)
[26361:17387652:0507/181901.428229:INFO:CONSOLE(1)] "Ad already exists in db", source: chrome-extension://phodlngepckggdblipffhdhkinobaiif/assets/content-scrpt.ts-BT_G-r10.js (1)
[26361:17387652:0507/181901.428515:INFO:CONSOLE(1)] "[object Object]", source: chrome-extension://phodlngepckggdblipffhdhkinobaiif/assets/content-scrpt.ts-BT_G-r10.js (1)
[26361:17387652:0507/181902.342378:INFO:CONSOLE(1)] "[object Object]", source: chrome-extension://phodlngepckggdblipffhdhkinobaiif/assets/content-scrpt.ts-BT_G-r10.js (1)
[26361:17387652:0507/181902.342673:INFO:CONSOLE(1)] "[object Object]", source: chrome-extension://phodlngepckggdblipffhdhkinobaiif/assets/content-scrpt.ts-BT_G-r10.js (1)
[26361:17387652:0507/181902.342726:INFO:CONSOLE(1)] "[object Object]", source: chrome-extension://phodlngepckggdblipffhdhkinobaiif/assets/content-scrpt.ts-BT_G-r10.js (1)
[26361:17387652:0507/181902.934851:INFO:CONSOLE(1)] "Channel already exists in db", source: chrome-extension://phodlngepckggdblipffhdhkinobaiif/assets/content-scrpt.ts-BT_G-r10.js (1)
[26361:17387652:0507/181903.364388:INFO:CONSOLE(1)] "Video already exists in db", source: chrome-extension://phodlngepckggdblipffhdhkinobaiif/assets/content-scrpt.ts-BT_G-r10.js (1)
[26361:17387652:0507/181903.364452:INFO:CONSOLE(1)] "nLcworPuiws rgaqwFPU7cc UCpko_-a4wgz2u_DgDgd9fqA misSearchHistoryF Your gender,Household Income range The advertiser’s interest in reaching new customers who haven’t bought something from them before,The time of day or your general location (like your country or city),The video you're watching,Your activity, while you were signed in to Google,Google's estimation of your interests, based on your activity while you were signed in to Google", source: chrome-extension://phodlngepckggdblipffhdhkinobaiif/assets/content-scrpt.ts-BT_G-r10.js (1)
[26361:17387652:0507/181903.825435:INFO:CONSOLE(1)] "[object Object]", source: chrome-extension://phodlngepckggdblipffhdhkinobaiif/assets/content-scrpt.ts-BT_G-r10.js (1)
[26361:17387652:0507/181903.825552:INFO:CONSOLE(1)] "[object Object]", source: chrome-extension://phodlngepckggdblipffhdhkinobaiif/assets/content-scrpt.ts-BT_G-r10.js (1)
[26361:17387652:0507/181905.276980:INFO:CONSOLE(1)] "[object Object]", source: chrome-extension://phodlngepckggdblipffhdhkinobaiif/assets/content-scrpt.ts-BT_G-r10.js (1)
[26361:17387652:0507/181905.277043:INFO:CONSOLE(1)] "[object Object]", source: chrome-extension://phodlngepckggdblipffhdhkinobaiif/assets/content-scrpt.ts-BT_G-r10.js (1)
[26361:17387652:0507/181905.277071:INFO:CONSOLE(1)] "[object Object]", source: chrome-extension://phodlngepckggdblipffhdhkinobaiif/assets/content-scrpt.ts-BT_G-r10.js (1)
[26361:17387652:0507/181905.505082:INFO:CONSOLE(1)] "Channel already exists in db", source: chrome-extension://phodlngepckggdblipffhdhkinobaiif/assets/content-scrpt.ts-BT_G-r10.js (1)
[26361:17387652:0507/181905.723146:INFO:CONSOLE(1)] "Video already exists in db", source: chrome-extension://phodlngepckggdblipffhdhkinobaiif/assets/content-scrpt.ts-BT_G-r10.js (1)
[26361:17387652:0507/181905.723194:INFO:CONSOLE(1)] "nLcworPuiws rgaqwFPU7cc UCpko_-a4wgz2u_DgDgd9fqA misSearchHistoryF Your gender,Household Income range The advertiser’s interest in reaching new customers who haven’t bought something from them before,The video you're watching,Your activity, while you were signed in to Google,The time of day or your general location (like your country or city),Google's estimation of your interests, based on your activity while you were signed in to Google", source: chrome-extension://phodlngepckggdblipffhdhkinobaiif/assets/content-scrpt.ts-BT_G-r10.js (1)
[26361:17387652:0507/181905.723560:INFO:CONSOLE(1)] "Ad collected", source: chrome-extension://phodlngepckggdblipffhdhkinobaiif/assets/content-scrpt.ts-BT_G-r10.js (1)
[26361:17387839:0507/181907.139458:ERROR:registration_request.cc(291)] Registration response error message: DEPRECATED_ENDPOINT
[26361:17387652:0507/181918.541297:INFO:CONSOLE(0)] "The resource https://rr4---sn-p5qddn7d.googlevideo.com/generate_204?conn2 was preloaded using link preload but not used within a few seconds from the window's load event. Please make sure it has an appropriate `as` value and it is preloaded intentionally.", source: https://www.youtube.com/watch?v=rgaqwFPU7cc (0)
[26361:17387652:0507/181918.542069:INFO:CONSOLE(0)] "The resource https://rr4---sn-p5qddn7d.googlevideo.com/generate_204 was preloaded using link preload but not used within a few seconds from the window's load event. Please make sure it has an appropriate `as` value and it is preloaded intentionally.", source: https://www.youtube.com/watch?v=rgaqwFPU7cc (0)
[26361:17387652:0507/181918.542110:INFO:CONSOLE(0)] "The resource https://i.ytimg.com/generate_204 was preloaded using link preload but not used within a few seconds from the window's load event. Please make sure it has an appropriate `as` value and it is preloaded intentionally.", source: https://www.youtube.com/watch?v=rgaqwFPU7cc (0)
[26361:17387652:0507/181922.838110:INFO:CONSOLE(0)] "The resource https://rr4---sn-p5qddn7d.googlevideo.com/generate_204?conn2 was preloaded using link preload but not used within a few seconds from the window's load event. Please make sure it has an appropriate `as` value and it is preloaded intentionally.", source: https://www.youtube.com/watch?v=rgaqwFPU7cc (0)
[26361:17387652:0507/181922.838174:INFO:CONSOLE(0)] "The resource https://rr4---sn-p5qddn7d.googlevideo.com/generate_204 was preloaded using link preload but not used within a few seconds from the window's load event. Please make sure it has an appropriate `as` value and it is preloaded intentionally.", source: https://www.youtube.com/watch?v=rgaqwFPU7cc (0)
[26361:17387652:0507/181922.838211:INFO:CONSOLE(0)] "The resource https://i.ytimg.com/generate_204 was preloaded using link preload but not used within a few seconds from the window's load event. Please make sure it has an appropriate `as` value and it is preloaded intentionally.", source: https://www.youtube.com/watch?v=rgaqwFPU7cc (0)
[26361:17387652:0507/181934.475428:INFO:CONSOLE(0)] "The resource https://rr4---sn-p5qddn7d.googlevideo.com/generate_204?conn2 was preloaded using link preload but not used within a few seconds from the window's load event. Please make sure it has an appropriate `as` value and it is preloaded intentionally.", source: https://www.youtube.com/watch?v=rgaqwFPU7cc (0)
[26361:17387652:0507/181934.476264:INFO:CONSOLE(0)] "The resource https://rr4---sn-p5qddn7d.googlevideo.com/generate_204 was preloaded using link preload but not used within a few seconds from the window's load event. Please make sure it has an appropriate `as` value and it is preloaded intentionally.", source: https://www.youtube.com/watch?v=rgaqwFPU7cc (0)
[26361:17387652:0507/181934.476294:INFO:CONSOLE(0)] "The resource https://i.ytimg.com/generate_204 was preloaded using link preload but not used within a few seconds from the window's load event. Please make sure it has an appropriate `as` value and it is preloaded intentionally.", source: https://www.youtube.com/watch?v=rgaqwFPU7cc (0)
[26361:17387652:0507/181937.501128:INFO:CONSOLE(0)] "The resource https://rr4---sn-p5qddn7d.googlevideo.com/generate_204?conn2 was preloaded using link preload but not used within a few seconds from the window's load event. Please make sure it has an appropriate `as` value and it is preloaded intentionally.", source: https://www.youtube.com/watch?v=rgaqwFPU7cc (0)
[26361:17387652:0507/181937.501191:INFO:CONSOLE(0)] "The resource https://rr4---sn-p5qddn7d.googlevideo.com/generate_204 was preloaded using link preload but not used within a few seconds from the window's load event. Please make sure it has an appropriate `as` value and it is preloaded intentionally.", source: https://www.youtube.com/watch?v=rgaqwFPU7cc (0)
[26361:17387652:0507/181937.501209:INFO:CONSOLE(0)] "The resource https://i.ytimg.com/generate_204 was preloaded using link preload but not used within a few seconds from the window's load event. Please make sure it has an appropriate `as` value and it is preloaded intentionally.", source: https://www.youtube.com/watch?v=rgaqwFPU7cc (0)
[26361:17387652:0507/181940.653252:INFO:CONSOLE(0)] "The resource https://rr4---sn-p5qddn7d.googlevideo.com/generate_204?conn2 was preloaded using link preload but not used within a few seconds from the window's load event. Please make sure it has an appropriate `as` value and it is preloaded intentionally.", source: https://www.youtube.com/watch?v=rgaqwFPU7cc (0)
[26361:17387652:0507/181940.653345:INFO:CONSOLE(0)] "The resource https://rr4---sn-p5qddn7d.googlevideo.com/generate_204 was preloaded using link preload but not used within a few seconds from the window's load event. Please make sure it has an appropriate `as` value and it is preloaded intentionally.", source: https://www.youtube.com/watch?v=rgaqwFPU7cc (0)
[26361:17387652:0507/181940.653369:INFO:CONSOLE(0)] "The resource https://i.ytimg.com/generate_204 was preloaded using link preload but not used within a few seconds from the window's load event. Please make sure it has an appropriate `as` value and it is preloaded intentionally.", source: https://www.youtube.com/watch?v=rgaqwFPU7cc (0)
[26361:17387652:0507/181943.801107:INFO:CONSOLE(0)] "The resource https://rr4---sn-p5qddn7d.googlevideo.com/generate_204?conn2 was preloaded using link preload but not used within a few seconds from the window's load event. Please make sure it has an appropriate `as` value and it is preloaded intentionally.", source: https://www.youtube.com/watch?v=rgaqwFPU7cc (0)
[26361:17387652:0507/181943.801154:INFO:CONSOLE(0)] "The resource https://rr4---sn-p5qddn7d.googlevideo.com/generate_204 was preloaded using link preload but not used within a few seconds from the window's load event. Please make sure it has an appropriate `as` value and it is preloaded intentionally.", source: https://www.youtube.com/watch?v=rgaqwFPU7cc (0)
[26361:17387652:0507/181943.801167:INFO:CONSOLE(0)] "The resource https://i.ytimg.com/generate_204 was preloaded using link preload but not used within a few seconds from the window's load event. Please make sure it has an appropriate `as` value and it is preloaded intentionally.", source: https://www.youtube.com/watch?v=rgaqwFPU7cc (0)
[26361:17387652:0507/181949.486528:INFO:CONSOLE(0)] "The resource https://rr4---sn-p5qddn7d.googlevideo.com/generate_204?conn2 was preloaded using link preload but not used within a few seconds from the window's load event. Please make sure it has an appropriate `as` value and it is preloaded intentionally.", source: https://www.youtube.com/watch?v=rgaqwFPU7cc (0)
[26361:17387652:0507/181949.487319:INFO:CONSOLE(0)] "The resource https://rr4---sn-p5qddn7d.googlevideo.com/generate_204 was preloaded using link preload but not used within a few seconds from the window's load event. Please make sure it has an appropriate `as` value and it is preloaded intentionally.", source: https://www.youtube.com/watch?v=rgaqwFPU7cc (0)
[26361:17387652:0507/181949.487351:INFO:CONSOLE(0)] "The resource https://i.ytimg.com/generate_204 was preloaded using link preload but not used within a few seconds from the window's load event. Please make sure it has an appropriate `as` value and it is preloaded intentionally.", source: https://www.youtube.com/watch?v=rgaqwFPU7cc (0)
[26361:17387652:0507/181958.700536:INFO:CONSOLE(0)] "The resource https://rr4---sn-p5qddn7d.googlevideo.com/generate_204?conn2 was preloaded using link preload but not used within a few seconds from the window's load event. Please make sure it has an appropriate `as` value and it is preloaded intentionally.", source: https://www.youtube.com/watch?v=rgaqwFPU7cc (0)
[26361:17387652:0507/181958.701612:INFO:CONSOLE(0)] "The resource https://rr4---sn-p5qddn7d.googlevideo.com/generate_204 was preloaded using link preload but not used within a few seconds from the window's load event. Please make sure it has an appropriate `as` value and it is preloaded intentionally.", source: https://www.youtube.com/watch?v=rgaqwFPU7cc (0)
[26361:17387652:0507/181958.701650:INFO:CONSOLE(0)] "The resource https://i.ytimg.com/generate_204 was preloaded using link preload but not used within a few seconds from the window's load event. Please make sure it has an appropriate `as` value and it is preloaded intentionally.", source: https://www.youtube.com/watch?v=rgaqwFPU7cc (0)
[26361:17387652:0507/182005.017215:INFO:CONSOLE(0)] "The resource https://rr4---sn-p5qddn7d.googlevideo.com/generate_204?conn2 was preloaded using link preload but not used within a few seconds from the window's load event. Please make sure it has an appropriate `as` value and it is preloaded intentionally.", source: https://www.youtube.com/watch?v=rgaqwFPU7cc (0)
[26361:17387652:0507/182005.017279:INFO:CONSOLE(0)] "The resource https://rr4---sn-p5qddn7d.googlevideo.com/generate_204 was preloaded using link preload but not used within a few seconds from the window's load event. Please make sure it has an appropriate `as` value and it is preloaded intentionally.", source: https://www.youtube.com/watch?v=rgaqwFPU7cc (0)
[26361:17387652:0507/182005.017294:INFO:CONSOLE(0)] "The resource https://i.ytimg.com/generate_204 was preloaded using link preload but not used within a few seconds from the window's load event. Please make sure it has an appropriate `as` value and it is preloaded intentionally.", source: https://www.youtube.com/watch?v=rgaqwFPU7cc (0)
[26361:17387839:0507/182007.665513:ERROR:registration_request.cc(291)] Registration response error message: DEPRECATED_ENDPOINT
[26361:17387652:0507/182014.464869:INFO:CONSOLE(0)] "The resource https://rr4---sn-p5qddn7d.googlevideo.com/generate_204?conn2 was preloaded using link preload but not used within a few seconds from the window's load event. Please make sure it has an appropriate `as` value and it is preloaded intentionally.", source: https://www.youtube.com/watch?v=rgaqwFPU7cc (0)
[26361:17387652:0507/182014.464930:INFO:CONSOLE(0)] "The resource https://rr4---sn-p5qddn7d.googlevideo.com/generate_204 was preloaded using link preload but not used within a few seconds from the window's load event. Please make sure it has an appropriate `as` value and it is preloaded intentionally.", source: https://www.youtube.com/watch?v=rgaqwFPU7cc (0)
[26361:17387652:0507/182014.464949:INFO:CONSOLE(0)] "The resource https://i.ytimg.com/generate_204 was preloaded using link preload but not used within a few seconds from the window's load event. Please make sure it has an appropriate `as` value and it is preloaded intentionally.", source: https://www.youtube.com/watch?v=rgaqwFPU7cc (0)
[26361:17387652:0507/182019.461669:INFO:CONSOLE(0)] "The resource https://rr4---sn-p5qddn7d.googlevideo.com/generate_204?conn2 was preloaded using link preload but not used within a few seconds from the window's load event. Please make sure it has an appropriate `as` value and it is preloaded intentionally.", source: https://www.youtube.com/watch?v=rgaqwFPU7cc (0)
[26361:17387652:0507/182019.461964:INFO:CONSOLE(0)] "The resource https://rr4---sn-p5qddn7d.googlevideo.com/generate_204 was preloaded using link preload but not used within a few seconds from the window's load event. Please make sure it has an appropriate `as` value and it is preloaded intentionally.", source: https://www.youtube.com/watch?v=rgaqwFPU7cc (0)
[26361:17387652:0507/182019.462098:INFO:CONSOLE(0)] "The resource https://i.ytimg.com/generate_204 was preloaded using link preload but not used within a few seconds from the window's load event. Please make sure it has an appropriate `as` value and it is preloaded intentionally.", source: https://www.youtube.com/watch?v=rgaqwFPU7cc (0)
[26361:17387652:0507/182028.477001:INFO:CONSOLE(0)] "The resource https://rr4---sn-p5qddn7d.googlevideo.com/generate_204?conn2 was preloaded using link preload but not used within a few seconds from the window's load event. Please make sure it has an appropriate `as` value and it is preloaded intentionally.", source: https://www.youtube.com/watch?v=rgaqwFPU7cc (0)
[26361:17387652:0507/182028.477043:INFO:CONSOLE(0)] "The resource https://rr4---sn-p5qddn7d.googlevideo.com/generate_204 was preloaded using link preload but not used within a few seconds from the window's load event. Please make sure it has an appropriate `as` value and it is preloaded intentionally.", source: https://www.youtube.com/watch?v=rgaqwFPU7cc (0)
[26361:17387652:0507/182028.477053:INFO:CONSOLE(0)] "The resource https://i.ytimg.com/generate_204 was preloaded using link preload but not used within a few seconds from the window's load event. Please make sure it has an appropriate `as` value and it is preloaded intentionally.", source: https://www.youtube.com/watch?v=rgaqwFPU7cc (0)
[26361:17387652:0507/182054.725223:INFO:CONSOLE(0)] "The resource https://rr4---sn-p5qddn7d.googlevideo.com/generate_204?conn2 was preloaded using link preload but not used within a few seconds from the window's load event. Please make sure it has an appropriate `as` value and it is preloaded intentionally.", source: https://www.youtube.com/watch?v=rgaqwFPU7cc (0)
[26361:17387652:0507/182054.726060:INFO:CONSOLE(0)] "The resource https://rr4---sn-p5qddn7d.googlevideo.com/generate_204 was preloaded using link preload but not used within a few seconds from the window's load event. Please make sure it has an appropriate `as` value and it is preloaded intentionally.", source: https://www.youtube.com/watch?v=rgaqwFPU7cc (0)
[26361:17387652:0507/182054.726077:INFO:CONSOLE(0)] "The resource https://i.ytimg.com/generate_204 was preloaded using link preload but not used within a few seconds from the window's load event. Please make sure it has an appropriate `as` value and it is preloaded intentionally.", source: https://www.youtube.com/watch?v=rgaqwFPU7cc (0)
[26361:17387652:0507/182059.460820:INFO:CONSOLE(0)] "The resource https://rr4---sn-p5qddn7d.googlevideo.com/generate_204?conn2 was preloaded using link preload but not used within a few seconds from the window's load event. Please make sure it has an appropriate `as` value and it is preloaded intentionally.", source: https://www.youtube.com/watch?v=rgaqwFPU7cc (0)
[26361:17387652:0507/182059.460876:INFO:CONSOLE(0)] "The resource https://rr4---sn-p5qddn7d.googlevideo.com/generate_204 was preloaded using link preload but not used within a few seconds from the window's load event. Please make sure it has an appropriate `as` value and it is preloaded intentionally.", source: https://www.youtube.com/watch?v=rgaqwFPU7cc (0)
[26361:17387652:0507/182059.460911:INFO:CONSOLE(0)] "The resource https://i.ytimg.com/generate_204 was preloaded using link preload but not used within a few seconds from the window's load event. Please make sure it has an appropriate `as` value and it is preloaded intentionally.", source: https://www.youtube.com/watch?v=rgaqwFPU7cc (0)
