[26226:17387161:0507/181826.314401:INFO:chrome_browser_cloud_management_controller.cc(202)] No machine level policy manager exists.
[26226:17387161:0507/181829.002814:INFO:CONSOLE(15)] "Service Worker Loaded", source: chrome-extension://phodlngepckggdblipffhdhkinobaiif/assets/service-worker.ts-Ced1skHI.js (15)
[26226:17387493:0507/181831.259975:ERROR:registration_request.cc(291)] Registration response error message: DEPRECATED_ENDPOINT
[26226:17387161:0507/181831.267920:INFO:CONSOLE(376)] "%c%s color: red; background: yellow; font-size: 24px; WARNING!", source: https://www.gstatic.com/_/mss/boq-identity/_/js/k=boq-identity.AccountSettingsUi.en.07DG8gQy580.2019.O/am=AwFgMA3Bt0SRKbz9smcWYGDM889qYZMAIEAAEgAAAQAI/d=1/excm=_b,_tp,googleaccounthomeview/ed=1/dg=0/wt=2/ujg=1/rs=AOaEmlGhdQg5VkZ5__4MvLxiQyz6S32tUQ/m=_b,_tp (376)
[26226:17387161:0507/181831.267962:INFO:CONSOLE(376)] "%c%s font-size: 18px; Using this console may allow attackers to impersonate you and steal your information using an attack called Self-XSS.
Do not enter or paste code that you do not understand.", source: https://www.gstatic.com/_/mss/boq-identity/_/js/k=boq-identity.AccountSettingsUi.en.07DG8gQy580.2019.O/am=AwFgMA3Bt0SRKbz9smcWYGDM889qYZMAIEAAEgAAAQAI/d=1/excm=_b,_tp,googleaccounthomeview/ed=1/dg=0/wt=2/ujg=1/rs=AOaEmlGhdQg5VkZ5__4MvLxiQyz6S32tUQ/m=_b,_tp (376)
[26226:17387161:0507/181831.420811:INFO:CONSOLE(160)] "Slow network is detected. See https://www.chromestatus.com/feature/5636954674692096 for more details. Fallback font will be used while loading: https://fonts.gstatic.com/s/googlesans/v58/4UaRrENHsxJlGDuGo1OIlJfC6l_24rlCK1Yo_Iq2vgCIhM907w.woff2", source: https://myaccount.google.com/ (160)
[26226:17387161:0507/181831.420893:INFO:CONSOLE(160)] "Slow network is detected. See https://www.chromestatus.com/feature/5636954674692096 for more details. Fallback font will be used while loading: https://fonts.gstatic.com/s/productsans/v9/pxiDypQkot1TnFhsFMOfGShVF9eOYktMqg.woff2", source: https://myaccount.google.com/ (160)
[26226:17387161:0507/181831.420906:INFO:CONSOLE(160)] "Slow network is detected. See https://www.chromestatus.com/feature/5636954674692096 for more details. Fallback font will be used while loading: https://fonts.gstatic.com/s/googlematerialicons/v143/Gw6kwdfw6UnXLJCcmafZyFRXb3BL9rvi0QZG3Sy7X00.woff2", source: https://myaccount.google.com/ (160)
[26226:17387161:0507/181831.420915:INFO:CONSOLE(160)] "Slow network is detected. See https://www.chromestatus.com/feature/5636954674692096 for more details. Fallback font will be used while loading: https://fonts.gstatic.com/s/roboto/v18/KFOmCnqEu92Fr1Mu4mxKKTU1Kg.woff2", source: https://myaccount.google.com/ (160)
[26226:17387161:0507/181840.244358:INFO:CONSOLE(1)] "Content script loaded.", source: chrome-extension://phodlngepckggdblipffhdhkinobaiif/assets/content-scrpt.ts-Dw9xm23j.js (1)
[26226:17387161:0507/181841.166359:INFO:CONSOLE(9593)] "LegacyDataMixin will be applied to all legacy elements.
Set `_legacyUndefinedCheck: true` on element class to enable.", source: https://www.youtube.com/s/_/ytmainappweb/_/js/k=ytmainappweb.kevlar_base.en_US.vAn3DADFU-I.es5.O/d=0/br=1/rs=AGKMywG-rHD18OWTr6RXlMPqZxijbj_HLA (9593)
[26226:17387161:0507/181843.630893:INFO:CONSOLE(15)] "found a network call of new video id", source: chrome-extension://phodlngepckggdblipffhdhkinobaiif/assets/service-worker.ts-Ced1skHI.js (15)
[26226:17387161:0507/181843.630941:INFO:CONSOLE(15)] "the video id is an AD id: ceUEQeLo3kU", source: chrome-extension://phodlngepckggdblipffhdhkinobaiif/assets/service-worker.ts-Ced1skHI.js (15)
[26226:17387161:0507/181843.630967:INFO:CONSOLE(15)] "subtitles are : ", source: chrome-extension://phodlngepckggdblipffhdhkinobaiif/assets/service-worker.ts-Ced1skHI.js (15)
[26226:17387161:0507/181844.811349:INFO:CONSOLE(0)] "Banner not shown: beforeinstallpromptevent.preventDefault() called. The page must call beforeinstallpromptevent.prompt() to show the banner.", source: https://www.youtube.com/watch?v=rgaqwFPU7cc (0)
[26226:17387161:0507/181844.899411:INFO:CONSOLE(1)] "New ad detected:", source: chrome-extension://phodlngepckggdblipffhdhkinobaiif/assets/content-scrpt.ts-Dw9xm23j.js (1)
[26226:17387161:0507/181844.899458:INFO:CONSOLE(1)] "Video ID: ceUEQeLo3kU", source: chrome-extension://phodlngepckggdblipffhdhkinobaiif/assets/content-scrpt.ts-Dw9xm23j.js (1)
[26226:17387161:0507/181844.899471:INFO:CONSOLE(1)] "Processing ad video ID: ceUEQeLo3kU ", source: chrome-extension://phodlngepckggdblipffhdhkinobaiif/assets/content-scrpt.ts-Dw9xm23j.js (1)
[26226:17387161:0507/181844.899649:INFO:CONSOLE(1)] "[object HTMLButtonElement]", source: chrome-extension://phodlngepckggdblipffhdhkinobaiif/assets/content-scrpt.ts-Dw9xm23j.js (1)
[26226:17387161:0507/181844.915613:INFO:CONSOLE(0)] "requestStorageAccessFor: Permission denied.", source: https://www.youtube.com/watch?v=rgaqwFPU7cc (0)
[26226:17387161:0507/181844.915721:INFO:CONSOLE(0)] "requestStorageAccessFor: Must be handling a user gesture to use.", source: https://www.youtube.com/watch?v=rgaqwFPU7cc (0)
[26226:17387161:0507/181844.915742:INFO:CONSOLE(0)] "requestStorageAccessFor: Must be handling a user gesture to use.", source: https://www.youtube.com/watch?v=rgaqwFPU7cc (0)
[26226:17387161:0507/181844.915750:INFO:CONSOLE(0)] "requestStorageAccessFor: Must be handling a user gesture to use.", source: https://www.youtube.com/watch?v=rgaqwFPU7cc (0)
[26226:17387161:0507/181844.916639:INFO:CONSOLE(0)] "requestStorageAccessFor: Permission denied.", source: https://www.youtube.com/watch?v=rgaqwFPU7cc (0)
[26226:17387161:0507/181844.916702:INFO:CONSOLE(0)] "requestStorageAccessFor: Permission denied.", source: https://www.youtube.com/watch?v=rgaqwFPU7cc (0)
[26226:17387161:0507/181846.648643:WARNING:capture_device_ranking.h(255)] Can't initialize the value of media.audio_input.user_preference_ranking because media.default_audio_capture_device isn't registered or is empty
[26226:17387161:0507/181846.648881:WARNING:capture_device_ranking.h(255)] Can't initialize the value of media.video_input.user_preference_ranking because media.default_video_capture_Device isn't registered or is empty
[26226:17387161:0507/181847.811262:INFO:CONSOLE(0)] "The resource https://rr4---sn-p5qddn7d.googlevideo.com/generate_204?conn2 was preloaded using link preload but not used within a few seconds from the window's load event. Please make sure it has an appropriate `as` value and it is preloaded intentionally.", source: https://www.youtube.com/watch?v=rgaqwFPU7cc (0)
[26226:17387161:0507/181847.811286:INFO:CONSOLE(0)] "The resource https://rr4---sn-p5qddn7d.googlevideo.com/generate_204 was preloaded using link preload but not used within a few seconds from the window's load event. Please make sure it has an appropriate `as` value and it is preloaded intentionally.", source: https://www.youtube.com/watch?v=rgaqwFPU7cc (0)
[26226:17387161:0507/181847.811296:INFO:CONSOLE(0)] "The resource https://i.ytimg.com/generate_204 was preloaded using link preload but not used within a few seconds from the window's load event. Please make sure it has an appropriate `as` value and it is preloaded intentionally.", source: https://www.youtube.com/watch?v=rgaqwFPU7cc (0)
[26226:17387161:0507/181847.911412:INFO:CONSOLE(1)] "Clicking the ad button", source: chrome-extension://phodlngepckggdblipffhdhkinobaiif/assets/content-scrpt.ts-Dw9xm23j.js (1)
[26226:17387161:0507/181849.847958:INFO:CONSOLE(438)] "[Report Only] Refused to load the script 'https://www.google.com/js/bg/757zfxS3p6XfHsxFYkOZ7kSJWqDt54kVSfVCQL75cNA.js' because it violates the following Content Security Policy directive: "script-src 'unsafe-inline' 'unsafe-eval' blob: data: https://www.gstatic.com/_/mss/boq-one-google/_/ https://www.gstatic.com/og/_/js/ https://apis.google.com/js/api.js https://apis.google.com/js/client.js https://www.google.com/tools/feedback/load.js https://www.google.com/tools/feedback/open.js https://www.google.com/tools/feedback/open_to_help_guide_lazy.js https://www.google.com/tools/feedback/help_api.js https://www.gstatic.com/inproduct_help/service/lazy.min.js https://www.gstatic.com/inproduct_help/api/main.min.js https://www.gstatic.com/inproduct_help/chatsupport/chatsupport_button_v2.js https://www.gstatic.com/feedback/js/help/prod/service/lazy.min.js https://www.gstatic.com/uservoice/feedback/client/web/live/ https://www.google.com/tools/feedback/chat_load.js https://www.gstatic.com/uservoice/surveys/resources/prod/js/survey/ https://www.gstatic.com/feedback/js/ghelp/ https://www.googletagmanager.com/gtag/js https://www.google-analytics.com/analytics.js https://www.googletagmanager.com/gtag/destination https://www.gstatic.com/_/mss/boq-ads-privacy-consumer-frontend/_/js/k=boq-ads-privacy-consumer-frontend.AboutThisAdYouTubeUi.en.aNpZptsf5ko.es5.O/ https://apis.google.com/_/scs/abc-static/_/js/". Note that 'script-src-elem' was not explicitly set, so 'script-src' is used as a fallback.
", source: https://www.gstatic.com/og/_/js/k=og.qtm.en_US.jS_CZIDYjaI.2019.O/rt=j/m=qgl,q_dnp,qmd,qcwid,qbd,qapid,qads,q_dg,qrbg/exm=qaaw,qabr,qadd,qaid,qalo,qebr,qein,qhaw,qhawgm3,qhba,qhbr,qhbrgm3,qhch,qhchgm3,qhga,qhid,qhidgm3,qhin,qhlo,qhlogm3,qhmn,qhpc,qhsf,qhsfgm3,qhtt/d=1/ed=1/rs=AA2YrTsB9Qz4OH5RFhAQLL8W1kIQz_J3Rg (438)
[26226:17387161:0507/181850.449146:WARNING:capture_device_ranking.h(255)] Can't initialize the value of media.audio_input.user_preference_ranking because media.default_audio_capture_device isn't registered or is empty
[26226:17387161:0507/181850.449183:WARNING:capture_device_ranking.h(255)] Can't initialize the value of media.video_input.user_preference_ranking because media.default_video_capture_Device isn't registered or is empty
[26226:17387161:0507/181850.910485:INFO:CONSOLE(1)] "Clicking the ad button", source: chrome-extension://phodlngepckggdblipffhdhkinobaiif/assets/content-scrpt.ts-Dw9xm23j.js (1)
[26226:17387161:0507/181852.292434:INFO:CONSOLE(1)] "[object Object]", source: chrome-extension://phodlngepckggdblipffhdhkinobaiif/assets/content-scrpt.ts-Dw9xm23j.js (1)
[26226:17387161:0507/181852.292737:INFO:CONSOLE(1)] "[object Object]", source: chrome-extension://phodlngepckggdblipffhdhkinobaiif/assets/content-scrpt.ts-Dw9xm23j.js (1)
[26226:17387161:0507/181852.742913:INFO:CONSOLE(1)] "Ad added to db", source: chrome-extension://phodlngepckggdblipffhdhkinobaiif/assets/content-scrpt.ts-Dw9xm23j.js (1)
[26226:17387161:0507/181852.743032:INFO:CONSOLE(1)] "[object Object]", source: chrome-extension://phodlngepckggdblipffhdhkinobaiif/assets/content-scrpt.ts-Dw9xm23j.js (1)
[26226:17387493:0507/181852.835645:ERROR:registration_request.cc(291)] Registration response error message: DEPRECATED_ENDPOINT
[26226:17387161:0507/181854.682926:INFO:CONSOLE(1)] "[object Object]", source: chrome-extension://phodlngepckggdblipffhdhkinobaiif/assets/content-scrpt.ts-Dw9xm23j.js (1)
[26226:17387161:0507/181854.683128:INFO:CONSOLE(1)] "[object Object]", source: chrome-extension://phodlngepckggdblipffhdhkinobaiif/assets/content-scrpt.ts-Dw9xm23j.js (1)
[26226:17387161:0507/181855.303633:INFO:CONSOLE(1)] "[object Object]", source: chrome-extension://phodlngepckggdblipffhdhkinobaiif/assets/content-scrpt.ts-Dw9xm23j.js (1)
[26226:17387161:0507/181855.303683:INFO:CONSOLE(1)] "[object Object]", source: chrome-extension://phodlngepckggdblipffhdhkinobaiif/assets/content-scrpt.ts-Dw9xm23j.js (1)
[26226:17387161:0507/181855.540904:INFO:CONSOLE(1)] "Ad already exists in db", source: chrome-extension://phodlngepckggdblipffhdhkinobaiif/assets/content-scrpt.ts-Dw9xm23j.js (1)
[26226:17387161:0507/181855.540978:INFO:CONSOLE(1)] "[object Object]", source: chrome-extension://phodlngepckggdblipffhdhkinobaiif/assets/content-scrpt.ts-Dw9xm23j.js (1)
[26226:17387488:0507/181856.382568:INFO:extension_garbage_collector.cc(183)] Garbage collection for extensions on file thread is complete.
[26226:17387161:0507/181856.580690:INFO:CONSOLE(1)] "[object Object]", source: chrome-extension://phodlngepckggdblipffhdhkinobaiif/assets/content-scrpt.ts-Dw9xm23j.js (1)
[26226:17387161:0507/181856.580897:INFO:CONSOLE(1)] "[object Object]", source: chrome-extension://phodlngepckggdblipffhdhkinobaiif/assets/content-scrpt.ts-Dw9xm23j.js (1)
[26226:17387161:0507/181856.580935:INFO:CONSOLE(1)] "[object Object]", source: chrome-extension://phodlngepckggdblipffhdhkinobaiif/assets/content-scrpt.ts-Dw9xm23j.js (1)
[26226:17387161:0507/181857.018236:INFO:CONSOLE(1)] "Channel already exists in db", source: chrome-extension://phodlngepckggdblipffhdhkinobaiif/assets/content-scrpt.ts-Dw9xm23j.js (1)
[26226:17387161:0507/181857.465065:INFO:CONSOLE(1)] "Video already exists in db", source: chrome-extension://phodlngepckggdblipffhdhkinobaiif/assets/content-scrpt.ts-Dw9xm23j.js (1)
[26226:17387161:0507/181857.465105:INFO:CONSOLE(1)] "ceUEQeLo3kU rgaqwFPU7cc UCpko_-a4wgz2u_DgDgd9fqA factBrowsingHistoryF N/A The time of day,Your general location (like your country or city)", source: chrome-extension://phodlngepckggdblipffhdhkinobaiif/assets/content-scrpt.ts-Dw9xm23j.js (1)
[26226:17387161:0507/181858.169105:INFO:CONSOLE(1)] "[object Object]", source: chrome-extension://phodlngepckggdblipffhdhkinobaiif/assets/content-scrpt.ts-Dw9xm23j.js (1)
[26226:17387161:0507/181858.169184:INFO:CONSOLE(1)] "[object Object]", source: chrome-extension://phodlngepckggdblipffhdhkinobaiif/assets/content-scrpt.ts-Dw9xm23j.js (1)
[26226:17387161:0507/181900.013870:INFO:CONSOLE(1)] "[object Object]", source: chrome-extension://phodlngepckggdblipffhdhkinobaiif/assets/content-scrpt.ts-Dw9xm23j.js (1)
[26226:17387161:0507/181900.016185:INFO:CONSOLE(1)] "[object Object]", source: chrome-extension://phodlngepckggdblipffhdhkinobaiif/assets/content-scrpt.ts-Dw9xm23j.js (1)
[26226:17387161:0507/181900.016202:INFO:CONSOLE(1)] "[object Object]", source: chrome-extension://phodlngepckggdblipffhdhkinobaiif/assets/content-scrpt.ts-Dw9xm23j.js (1)
[26226:17387161:0507/181900.224184:INFO:CONSOLE(1)] "Channel already exists in db", source: chrome-extension://phodlngepckggdblipffhdhkinobaiif/assets/content-scrpt.ts-Dw9xm23j.js (1)
[26226:17387161:0507/181900.444860:INFO:CONSOLE(1)] "Video already exists in db", source: chrome-extension://phodlngepckggdblipffhdhkinobaiif/assets/content-scrpt.ts-Dw9xm23j.js (1)
[26226:17387161:0507/181900.444919:INFO:CONSOLE(1)] "ceUEQeLo3kU rgaqwFPU7cc UCpko_-a4wgz2u_DgDgd9fqA factBrowsingHistoryF N/A The time of day,Your general location (like your country or city)", source: chrome-extension://phodlngepckggdblipffhdhkinobaiif/assets/content-scrpt.ts-Dw9xm23j.js (1)
[26226:17387161:0507/181900.445464:INFO:CONSOLE(1)] "Ad collected", source: chrome-extension://phodlngepckggdblipffhdhkinobaiif/assets/content-scrpt.ts-Dw9xm23j.js (1)
[26226:17387161:0507/181910.535548:INFO:CONSOLE(0)] "The resource https://rr4---sn-p5qddn7d.googlevideo.com/generate_204?conn2 was preloaded using link preload but not used within a few seconds from the window's load event. Please make sure it has an appropriate `as` value and it is preloaded intentionally.", source: https://www.youtube.com/watch?v=rgaqwFPU7cc (0)
[26226:17387161:0507/181910.536325:INFO:CONSOLE(0)] "The resource https://rr4---sn-p5qddn7d.googlevideo.com/generate_204 was preloaded using link preload but not used within a few seconds from the window's load event. Please make sure it has an appropriate `as` value and it is preloaded intentionally.", source: https://www.youtube.com/watch?v=rgaqwFPU7cc (0)
[26226:17387161:0507/181910.536340:INFO:CONSOLE(0)] "The resource https://i.ytimg.com/generate_204 was preloaded using link preload but not used within a few seconds from the window's load event. Please make sure it has an appropriate `as` value and it is preloaded intentionally.", source: https://www.youtube.com/watch?v=rgaqwFPU7cc (0)
[26226:17387161:0507/181922.673486:INFO:CONSOLE(0)] "The resource https://rr4---sn-p5qddn7d.googlevideo.com/generate_204?conn2 was preloaded using link preload but not used within a few seconds from the window's load event. Please make sure it has an appropriate `as` value and it is preloaded intentionally.", source: https://www.youtube.com/watch?v=rgaqwFPU7cc (0)
[26226:17387161:0507/181922.673754:INFO:CONSOLE(0)] "The resource https://rr4---sn-p5qddn7d.googlevideo.com/generate_204 was preloaded using link preload but not used within a few seconds from the window's load event. Please make sure it has an appropriate `as` value and it is preloaded intentionally.", source: https://www.youtube.com/watch?v=rgaqwFPU7cc (0)
[26226:17387161:0507/181922.673791:INFO:CONSOLE(0)] "The resource https://i.ytimg.com/generate_204 was preloaded using link preload but not used within a few seconds from the window's load event. Please make sure it has an appropriate `as` value and it is preloaded intentionally.", source: https://www.youtube.com/watch?v=rgaqwFPU7cc (0)
[26226:17387161:0507/181929.371767:INFO:CONSOLE(0)] "The resource https://rr4---sn-p5qddn7d.googlevideo.com/generate_204?conn2 was preloaded using link preload but not used within a few seconds from the window's load event. Please make sure it has an appropriate `as` value and it is preloaded intentionally.", source: https://www.youtube.com/watch?v=rgaqwFPU7cc (0)
[26226:17387161:0507/181929.372533:INFO:CONSOLE(0)] "The resource https://rr4---sn-p5qddn7d.googlevideo.com/generate_204 was preloaded using link preload but not used within a few seconds from the window's load event. Please make sure it has an appropriate `as` value and it is preloaded intentionally.", source: https://www.youtube.com/watch?v=rgaqwFPU7cc (0)
[26226:17387161:0507/181929.372572:INFO:CONSOLE(0)] "The resource https://i.ytimg.com/generate_204 was preloaded using link preload but not used within a few seconds from the window's load event. Please make sure it has an appropriate `as` value and it is preloaded intentionally.", source: https://www.youtube.com/watch?v=rgaqwFPU7cc (0)
[26226:17387493:0507/181933.780694:ERROR:registration_request.cc(291)] Registration response error message: DEPRECATED_ENDPOINT
[26226:17387161:0507/181934.160705:INFO:CONSOLE(0)] "The resource https://rr4---sn-p5qddn7d.googlevideo.com/generate_204?conn2 was preloaded using link preload but not used within a few seconds from the window's load event. Please make sure it has an appropriate `as` value and it is preloaded intentionally.", source: https://www.youtube.com/watch?v=rgaqwFPU7cc (0)
[26226:17387161:0507/181934.160794:INFO:CONSOLE(0)] "The resource https://rr4---sn-p5qddn7d.googlevideo.com/generate_204 was preloaded using link preload but not used within a few seconds from the window's load event. Please make sure it has an appropriate `as` value and it is preloaded intentionally.", source: https://www.youtube.com/watch?v=rgaqwFPU7cc (0)
[26226:17387161:0507/181934.160818:INFO:CONSOLE(0)] "The resource https://i.ytimg.com/generate_204 was preloaded using link preload but not used within a few seconds from the window's load event. Please make sure it has an appropriate `as` value and it is preloaded intentionally.", source: https://www.youtube.com/watch?v=rgaqwFPU7cc (0)
[26226:17387161:0507/181947.992197:INFO:CONSOLE(0)] "The resource https://rr4---sn-p5qddn7d.googlevideo.com/generate_204?conn2 was preloaded using link preload but not used within a few seconds from the window's load event. Please make sure it has an appropriate `as` value and it is preloaded intentionally.", source: https://www.youtube.com/watch?v=rgaqwFPU7cc (0)
[26226:17387161:0507/181947.992257:INFO:CONSOLE(0)] "The resource https://rr4---sn-p5qddn7d.googlevideo.com/generate_204 was preloaded using link preload but not used within a few seconds from the window's load event. Please make sure it has an appropriate `as` value and it is preloaded intentionally.", source: https://www.youtube.com/watch?v=rgaqwFPU7cc (0)
[26226:17387161:0507/181947.992291:INFO:CONSOLE(0)] "The resource https://i.ytimg.com/generate_204 was preloaded using link preload but not used within a few seconds from the window's load event. Please make sure it has an appropriate `as` value and it is preloaded intentionally.", source: https://www.youtube.com/watch?v=rgaqwFPU7cc (0)
[26226:17387161:0507/182000.184904:INFO:CONSOLE(0)] "The resource https://rr4---sn-p5qddn7d.googlevideo.com/generate_204?conn2 was preloaded using link preload but not used within a few seconds from the window's load event. Please make sure it has an appropriate `as` value and it is preloaded intentionally.", source: https://www.youtube.com/watch?v=rgaqwFPU7cc (0)
[26226:17387161:0507/182000.185252:INFO:CONSOLE(0)] "The resource https://rr4---sn-p5qddn7d.googlevideo.com/generate_204 was preloaded using link preload but not used within a few seconds from the window's load event. Please make sure it has an appropriate `as` value and it is preloaded intentionally.", source: https://www.youtube.com/watch?v=rgaqwFPU7cc (0)
[26226:17387161:0507/182000.185276:INFO:CONSOLE(0)] "The resource https://i.ytimg.com/generate_204 was preloaded using link preload but not used within a few seconds from the window's load event. Please make sure it has an appropriate `as` value and it is preloaded intentionally.", source: https://www.youtube.com/watch?v=rgaqwFPU7cc (0)
[26226:17387161:0507/182003.852808:INFO:CONSOLE(15)] "found a network call of new video id", source: chrome-extension://phodlngepckggdblipffhdhkinobaiif/assets/service-worker.ts-Ced1skHI.js (15)
[26226:17387161:0507/182004.635323:INFO:CONSOLE(0)] "Access to fetch at 'https://googleads.g.doubleclick.net/pagead/viewthroughconversion/962985656/?backend=innertube&cname=1&cver=2_20250506&foc_id=pko_-a4wgz2u_DgDgd9fqA&label=followon_view&ptype=no_rmkt&random=164733925&cv_attributed=0' (redirected from 'https://www.youtube.com/pagead/viewthroughconversion/962985656/?backend=innertube&cname=1&cver=2_20250506&foc_id=pko_-a4wgz2u_DgDgd9fqA&label=followon_view&ptype=no_rmkt&random=164733925') from origin 'https://www.youtube.com' has been blocked by CORS policy: No 'Access-Control-Allow-Origin' header is present on the requested resource. If an opaque response serves your needs, set the request's mode to 'no-cors' to fetch the resource with CORS disabled.", source: https://www.youtube.com/watch?v=rgaqwFPU7cc (0)
[26226:17387161:0507/182008.159653:INFO:CONSOLE(0)] "The resource https://rr4---sn-p5qddn7d.googlevideo.com/generate_204?conn2 was preloaded using link preload but not used within a few seconds from the window's load event. Please make sure it has an appropriate `as` value and it is preloaded intentionally.", source: https://www.youtube.com/watch?v=rgaqwFPU7cc (0)
[26226:17387161:0507/182008.160035:INFO:CONSOLE(0)] "The resource https://rr4---sn-p5qddn7d.googlevideo.com/generate_204 was preloaded using link preload but not used within a few seconds from the window's load event. Please make sure it has an appropriate `as` value and it is preloaded intentionally.", source: https://www.youtube.com/watch?v=rgaqwFPU7cc (0)
[26226:17387161:0507/182008.160075:INFO:CONSOLE(0)] "The resource https://i.ytimg.com/generate_204 was preloaded using link preload but not used within a few seconds from the window's load event. Please make sure it has an appropriate `as` value and it is preloaded intentionally.", source: https://www.youtube.com/watch?v=rgaqwFPU7cc (0)
[26226:17387161:0507/182014.138935:INFO:CONSOLE(0)] "The resource https://rr4---sn-p5qddn7d.googlevideo.com/generate_204?conn2 was preloaded using link preload but not used within a few seconds from the window's load event. Please make sure it has an appropriate `as` value and it is preloaded intentionally.", source: https://www.youtube.com/watch?v=rgaqwFPU7cc (0)
[26226:17387161:0507/182014.138999:INFO:CONSOLE(0)] "The resource https://rr4---sn-p5qddn7d.googlevideo.com/generate_204 was preloaded using link preload but not used within a few seconds from the window's load event. Please make sure it has an appropriate `as` value and it is preloaded intentionally.", source: https://www.youtube.com/watch?v=rgaqwFPU7cc (0)
[26226:17387161:0507/182014.139020:INFO:CONSOLE(0)] "The resource https://i.ytimg.com/generate_204 was preloaded using link preload but not used within a few seconds from the window's load event. Please make sure it has an appropriate `as` value and it is preloaded intentionally.", source: https://www.youtube.com/watch?v=rgaqwFPU7cc (0)
[26226:17387161:0507/182017.798168:INFO:CONSOLE(0)] "The resource https://rr4---sn-p5qddn7d.googlevideo.com/generate_204?conn2 was preloaded using link preload but not used within a few seconds from the window's load event. Please make sure it has an appropriate `as` value and it is preloaded intentionally.", source: https://www.youtube.com/watch?v=rgaqwFPU7cc (0)
[26226:17387161:0507/182017.798239:INFO:CONSOLE(0)] "The resource https://rr4---sn-p5qddn7d.googlevideo.com/generate_204 was preloaded using link preload but not used within a few seconds from the window's load event. Please make sure it has an appropriate `as` value and it is preloaded intentionally.", source: https://www.youtube.com/watch?v=rgaqwFPU7cc (0)
[26226:17387161:0507/182017.798255:INFO:CONSOLE(0)] "The resource https://i.ytimg.com/generate_204 was preloaded using link preload but not used within a few seconds from the window's load event. Please make sure it has an appropriate `as` value and it is preloaded intentionally.", source: https://www.youtube.com/watch?v=rgaqwFPU7cc (0)
[26226:17387161:0507/182028.539614:INFO:CONSOLE(0)] "The resource https://rr4---sn-p5qddn7d.googlevideo.com/generate_204?conn2 was preloaded using link preload but not used within a few seconds from the window's load event. Please make sure it has an appropriate `as` value and it is preloaded intentionally.", source: https://www.youtube.com/watch?v=rgaqwFPU7cc (0)
[26226:17387161:0507/182028.539657:INFO:CONSOLE(0)] "The resource https://rr4---sn-p5qddn7d.googlevideo.com/generate_204 was preloaded using link preload but not used within a few seconds from the window's load event. Please make sure it has an appropriate `as` value and it is preloaded intentionally.", source: https://www.youtube.com/watch?v=rgaqwFPU7cc (0)
[26226:17387161:0507/182028.539667:INFO:CONSOLE(0)] "The resource https://i.ytimg.com/generate_204 was preloaded using link preload but not used within a few seconds from the window's load event. Please make sure it has an appropriate `as` value and it is preloaded intentionally.", source: https://www.youtube.com/watch?v=rgaqwFPU7cc (0)
[26226:17387161:0507/182039.084013:INFO:CONSOLE(0)] "The resource https://rr4---sn-p5qddn7d.googlevideo.com/generate_204?conn2 was preloaded using link preload but not used within a few seconds from the window's load event. Please make sure it has an appropriate `as` value and it is preloaded intentionally.", source: https://www.youtube.com/watch?v=rgaqwFPU7cc (0)
[26226:17387161:0507/182039.084391:INFO:CONSOLE(0)] "The resource https://rr4---sn-p5qddn7d.googlevideo.com/generate_204 was preloaded using link preload but not used within a few seconds from the window's load event. Please make sure it has an appropriate `as` value and it is preloaded intentionally.", source: https://www.youtube.com/watch?v=rgaqwFPU7cc (0)
[26226:17387161:0507/182039.084411:INFO:CONSOLE(0)] "The resource https://i.ytimg.com/generate_204 was preloaded using link preload but not used within a few seconds from the window's load event. Please make sure it has an appropriate `as` value and it is preloaded intentionally.", source: https://www.youtube.com/watch?v=rgaqwFPU7cc (0)
[26226:17387161:0507/182045.589493:INFO:CONSOLE(0)] "The resource https://rr4---sn-p5qddn7d.googlevideo.com/generate_204?conn2 was preloaded using link preload but not used within a few seconds from the window's load event. Please make sure it has an appropriate `as` value and it is preloaded intentionally.", source: https://www.youtube.com/watch?v=rgaqwFPU7cc (0)
[26226:17387161:0507/182045.589571:INFO:CONSOLE(0)] "The resource https://rr4---sn-p5qddn7d.googlevideo.com/generate_204 was preloaded using link preload but not used within a few seconds from the window's load event. Please make sure it has an appropriate `as` value and it is preloaded intentionally.", source: https://www.youtube.com/watch?v=rgaqwFPU7cc (0)
[26226:17387161:0507/182045.589590:INFO:CONSOLE(0)] "The resource https://i.ytimg.com/generate_204 was preloaded using link preload but not used within a few seconds from the window's load event. Please make sure it has an appropriate `as` value and it is preloaded intentionally.", source: https://www.youtube.com/watch?v=rgaqwFPU7cc (0)
[26226:17387161:0507/182052.090444:INFO:CONSOLE(0)] "The resource https://rr4---sn-p5qddn7d.googlevideo.com/generate_204?conn2 was preloaded using link preload but not used within a few seconds from the window's load event. Please make sure it has an appropriate `as` value and it is preloaded intentionally.", source: https://www.youtube.com/watch?v=rgaqwFPU7cc (0)
[26226:17387161:0507/182052.090512:INFO:CONSOLE(0)] "The resource https://rr4---sn-p5qddn7d.googlevideo.com/generate_204 was preloaded using link preload but not used within a few seconds from the window's load event. Please make sure it has an appropriate `as` value and it is preloaded intentionally.", source: https://www.youtube.com/watch?v=rgaqwFPU7cc (0)
[26226:17387161:0507/182052.090533:INFO:CONSOLE(0)] "The resource https://i.ytimg.com/generate_204 was preloaded using link preload but not used within a few seconds from the window's load event. Please make sure it has an appropriate `as` value and it is preloaded intentionally.", source: https://www.youtube.com/watch?v=rgaqwFPU7cc (0)
[26226:17387161:0507/182055.832134:INFO:CONSOLE(0)] "The resource https://rr4---sn-p5qddn7d.googlevideo.com/generate_204?conn2 was preloaded using link preload but not used within a few seconds from the window's load event. Please make sure it has an appropriate `as` value and it is preloaded intentionally.", source: https://www.youtube.com/watch?v=rgaqwFPU7cc (0)
[26226:17387161:0507/182055.832183:INFO:CONSOLE(0)] "The resource https://rr4---sn-p5qddn7d.googlevideo.com/generate_204 was preloaded using link preload but not used within a few seconds from the window's load event. Please make sure it has an appropriate `as` value and it is preloaded intentionally.", source: https://www.youtube.com/watch?v=rgaqwFPU7cc (0)
[26226:17387161:0507/182055.832198:INFO:CONSOLE(0)] "The resource https://i.ytimg.com/generate_204 was preloaded using link preload but not used within a few seconds from the window's load event. Please make sure it has an appropriate `as` value and it is preloaded intentionally.", source: https://www.youtube.com/watch?v=rgaqwFPU7cc (0)
